0
0
0
0
0
0
0
0
0
0
0
0
0
0
0
0
0
0
0
0
0
0
0
0
0
0
0
2624444
32168175
48210528
72527934
66273208
47571843
50570707
51078479
53840587
57189607
57718694
47866898
52157902
61681512
61944908
47739423
50068856
56264575
61998771
54784423
61619652
49166900
61603172
60068094
60068048
55754309
48118543
59230870
51681504
52316570
55617937
47312090
56738445
42956197
19075861
25528628
33948294
31619489
35053094
27702477
37954647
46357343
40628682
46878369
40598862
41812797
43697426
43169674
41061785
44373562
51507762
47631081
48439399
50229511
50653330
56524476
45268045
47985436
49576371
47855043
47382708
44900707
49089081
48268870
47511768
48863705
42357497
37884119
34615825
35279432
37084996
34648642
32796939
31805141
40379706
32685568
40440857
36561013
41557905
41665409
42287217
44615682
46753058
42066546
51452154
48267549
55546299
45534491
56733559
56653426
58509561
54616258
53479541
52143569
51806356
60159617
65640367
61766014
61910480
63917970
51869380
47456052
43443966
48682411
42720640
43163982
48090634
47902194
50036362
45657658
44390845
33468675
45555462
43314165
40775919
33879915
43180212
43592313
44943316
43804394
47394503
40044701
43184197
49056346
52227897
46569316
47286162
45017696
47635134
50025583
54572367
53605671
47828284
53797744
48498048
46016678
52971624
47133517
42684638
48629267
50624120
50544380
45254425
41189866
48869657
50594152
45435963
48941665
43028776
38949960
37766892
50104973
47340162
42484258
42321148
44444859
45929433
47932414
49678348
40597878
40026351
42620060
46269082
47818844
50938188
37798631
45972462
46622028
42000347
43465401
40206355
39382131
46968911
47525357
52058794
45109722
46048172
48700051
47404878
45159082
48062029
41045635
46469051
33754720
51435447
47552138
44978555
48351183
47816492
47829321
48180294
37727535
35643172
41762892
43697895
54024241
46109037
39895886
37093466
38084074
45611237
43472639
48367085
42238505
44194614
48660510
37842215
43477675
49407343
44518922
44797569
43987439
47702450
47055188
36810960
45858668
49309305
49788737
43013748
48587818
44278913
41077419
45242260
44243938
41920707
45294239
45710710
50642886
49382017
44517534
43312259
37386615
44458866
44596651
47702388
48067525
43050621
46647288
45768119
48674945
41159341
38286672
37822250
43523323
48305620
44910226
54558815
39113802
40064732
45635342
44887781
43582215
45034076
44407664
38185449
49810880
43468380
40939088
55637280
44223234
45368489
53323930
44455489
44245271
40408524
45467194
40120927
40482796
43315119
44662125
38743183
41175780
42602824
38619308
38152126
45910840
46537577
54030737
48721114
45157254
43021311
47403768
47250987
44056392
42666676
35522531
48971310
43301242
46818580
48871705
49070549
51000169
40480739
46930041
44065456
44526692
52036906
39974883
45843564
40389783
34578520
44670550
37913779
47667921
41510126
39343730
39750110
38014108
44772639
42721777
50470395
45480546
45131141
44312509
60534977
45194846
41834667
42446092
38920198
46749288
37239281
41710620
42550508
53208468
52213231
40207385
43004706
44266215
40875669
53141464
42485759
41087149
47130912
42056325
41385719
39481894
43793628
50092658
38851720
48361373
42633586
42233434
39070168
46431778
43913054
45229084
38909567
47969709
43267379
44864170
38176424
40234354
48866979
42634640
41761008
42899219
44320398
51926334
43957925
49695523
42418053
45077279
47670141
43384581
41723681
50244904
36269555
43612131
38929987
36185570
48481439
46023516
40477365
42014958
39696186
45132966
46820453
43052066
45526080
38254656
46561067
38636220
47039824
43191813
43842005
37829681
34482679
38145273
39249108
41687254
52863713
45391962
50758202
51110411
47640119
44155977
45343431
47084021
43630932
41207018
49621887
39932552
45994387
47862515
44792879
36604341
48330040
40945614
45209324
40084358
39882669
39037415
40008578
43157690
39030389
43657983
45126277
37641624
45502544
37689847
35090654
45192168
42240994
49690898
46434619
43721950
45374041
46294420
33083444
41226380
41591217
40483005
41248909
52234758
46839133
48371509
49306822
41130475
46239114
44304650
46016796
45692580
51298686
38038219
46267085
43933142
42373178
40423981
37809576
47464079
38066909
44451780
37681948
49255446
45029884
39528849
43609553
45066231
40860799
45541588
40362195
51001198
36942554
49480964
43582520
36709940
47407151
36986543
44191327
45087347
45272024
44454624
45626669
50318005
42199598
47445192
48655409
50207842
41632096
44012104
39303677
42398627
39832489
50689422
46685950
45568829
50742759
43576761
44806103
42310386
48274037
32955452
40714758
45087422
48896957
42463484
44086506
39994391
34381897
44976137
47879759
33612149
42771357
43105043
41606909
40451678
46252857
44851210
40035966
41897722
46098845
50525955
44367159
46857579
40543416
43086121
43631361
41748738
42987998
47540248
45028731
41493217
57358954
42990170
49265386
38924146
42269036
43894355
39172859
48290953
50611355
41255052
43847013
47016049
41445069
42183252
39755582
42186799
38911017
42959670
43472293
35002636
42338701
39929169
44286160
42885519
44447785
46267663
40299070
48153769
45577676
37937889
46804769
48648274
44405987
47690304
51144482
43927360
49010158
44145399
53761871
37137204
42697311
49225682
40183411
49998432
43422144
47195499
50382343
45720918
42063400
34604795
51797477
41496621
36966726
41220366
47844757
46040077
45150797
42731002
44153619
39136775
48440365
37395464
40446587
52053586
39507652
44467967
48869754
39980939
49440373
40602339
45597066
43066244
47314877
41184110
46658567
49947244
45645745
48324239
43810094
42165622
46044273
40098010
39799295
38649979
39786235
46524301
43306590
49469843
41570560
37043186
44327263
47212712
40603345
47009357
38132190
42878667
47309441
44584009
40148984
48184655
44236314
44297953
46119485
55982573
35835452
46759883
50742444
42615974
43667028
51339150
42876387
42749471
46878035
40915413
44822569
46274055
45296026
40569705
45444866
47807596
42948901
44497560
36187331
41815655
49145507
55075494
42761018
36801757
33492421
36525255
46109503
42268803
47195321
36819344
41951664
41816452
56146195
38657324
40052956
38425290
41703069
47121914
54979287
33811874
37440296
47613369
41998738
39800977
44433002
38956511
46842792
45896293
43420828
40458254
45577947
43185249
39532435
41333327
43647984
46715814
49785325
40375587
54400879
38294093
39037543
41764213
38116745
40441218
44215176
41657494
41789389
40400786
40937138
39007838
43538251
44575611
48222721
43914388
48020359
46597440
44050660
36422355
41205535
43662813
49467645
36047660
38774662
34676098
46768625
47345536
45773139
42139641
37135546
40796522
41878353
45599426
48162342
48673932
38611413
35620386
39171936
42408227
48610109
43560226
45771410
45306107
49463280
44698860
30903286
46556122
54813654
37549457
47803732
46588156
44070009
40846999
45565888
38188960
48924714
37975802
49221746
42364245
42592346
43533049
46323357
38624115
47371985
39375389
41847977
47290446
44026795
41201841
42249299
43496135
42359607
43449441
39526232
49552373
40810842
45774506
40466392
43905815
42408620
36495475
45522515
53337109
42576681
43395811
41867927
43014933
44165496
40931050
45897488
48431104
41702327
45160394
43780929
50653979
47920040
46864783
37219020
44690300
44604751
45440386
42069836
36706883
42514259
45841141
48073271
47764663
37939678
46805741
39144136
42688381
41106971
38089454
44932823
34487613
51857190
40330701
45983233
41838429
49961357
46678114
44586709
55050409
42524931
49778407
46885409
42014757
38427287
43972598
42131818
47286181
42894235
47200587
54402098
42682735
47030619
35829743
36023463
39997476
46044804
41646688
44306835
46876128
43077362
42762245
42615652
42268278
33828032
47143238
40103696
38196629
39268863
48524587
44079626
50729817
50881342
45398886
46547079
50118914
39717996
38161796
46091972
40961927
48851197
48047115
46086912
44647120
47155778
45957346
41648253
38273393
48365451
42251884
45384517
44287632
44670521
46643014
42315832
43698612
43532981
43115183
51792926
43008972
33130336
47808259
46930416
39615372
42224758
41257563
44934914
43787507
44809017
34647688
44394046
49487404
49115128
45411959
41924890
43627362
35570603
40539581
49583567
36334965
39976790
44631167
45468064
44774370
43487421
48326871
42833080
46647652
42986665
41199610
45847517
40551746
52016895
39373106
43828566
48055520
42180014
44429835
42345304
44691563
47841315
45078812
42908442
50687420
34094303
39815490
43355995
46792368
31751446
37079043
43069815
31967998
43158555
44399614
42965033
42982173
40517003
43722042
50106667
37646850
40584713
39817328
43566203
51634105
34225435
47766221
45247717
52802575
43204562
36196903
36410820
43764221
46917389
42708087
49080679
41825212
40753264
46607032
45034029
39998190
40182659
47400162
39491967
44175180
42415915
49528449
46882302
45561865
48305498
36593181
42380540
51941570
37543082
40946584
50078303
42677079
46605223
45710187
45166391
49148257
46726232
45957855
42160929
51420260
42286045
47818536
45777416
45283143
46095932
45809633
40202083
51795366
44943865
36561486
37776877
46059863
35105729
47540668
38132429
43389352
46693754
43910558
41691196
43068757
44359820
45259503
40582180
39152779
38125777
44188251
43876401
39845025
41306137
47023920
46043816
43339010
45412407
45852376
43902800
55206420
52332701
43676670
43741012
46980320
51613397
43258733
38086966
40335770
34287310
40317123
57036728
41061371
38381403
43665698
53632814
42548995
45581028
48255372
43525587
41984611
43932868
46231397
40748625
35685288
39513262
45713559
45137863
42427301
38152109
38983103
44502639
46293749
48063262
42290312
46409741
41946159
47672190
45667501
39128709
32186219
43592368
39258722
47200555
49445599
40031955
39185840
45744155
43763325
46885452
46160058
50014347
43015550
42528712
37929864
47380661
49283592
46282308
41739836
45066078
46351290
40509835
41047582
48177802
46941120
45650239
46558552
45355841
33485642
45258596
42235888
49061870
48707653
39540125
37446378
52311284
38338279
41943686
40618192
48026100
43094786
48528716
41644308
36725577
36873156
39338334
40692553
52708784
33053554
57052966
39422367
43826174
41575378
34264312
45870836
46886200
39468551
43487485
46850528
42670616
50568223
46874090
44125239
45814820
48255178
40616151
48126599
41099311
45086764
44772848
41250114
42050160
43270985
38058666
50368606
44757044
42668335
44641068
44653548
44656154
39078915
41225874
43658426
37143695
46692569
38544401
38167448
44498112
44531353
40925684
48861502
47149096
49070725
48904876
45694821
45922957
36345671
47679531
40553268
49155366
53297906
46751554
41755097
47402264
45764779
41729594
43478607
42576513
47977805
44074966
49270432
36604125
48276275
49316692
41982339
43566945
35611773
40376348
39746169
51128634
43853289
42327360
41455054
45980338
35581172
47285407
45897905
33089851
41448921
41640164
44701660
40674357
40583208
49000516
46689392
31990315
40367748
40688399
45121581
37873454
46061317
43337249
43648587
48854548
42103755
43837190
45489672
42202822
49376871
40063926
34046056
32698646
42693892
44560295
46557096
44207398
37381711
51300774
45775038
49812829
40086099
43192285
43250999
44225066
42751389
39256639
37130908
46395678
41502072
42645509
35404779
47715036
36173572
41506355
51430339
37381655
41224151
46218218
49614102
41956998
46063845
46991196
40287800
47891001
46052573
38356840
41455552
45650190
52491254
53610644
40858430
42607221
45577037
44551995
46190415
45009119
47804599
38705778
41704491
41393293
50321681
42482592
48607528
44693371
43269544
37312567
47087374
47995991
40923922
38333372
41933375
41442713
51629338
45465825
48535993
42219652
48047166
41910782
39305411
44923322
42222592
48264581
42446714
45793855
37628600
46117143
43780180
47102003
34443854
44441496
47505298
45461722
38401241
44341977
51686999
42665638
48614907
38093289
43513041
39734652
47685221
39012089
38533622
37658241
51551404
40085216
46004973
46352572
34583918
47855766
46516100
44864848
44512489
38326315
47561080
39240531
49030820
40963453
42931944
33260305
42675997
42700690
47144831
45164477
50120150
43324951
52707185
47919280
42317935
48267857
46367620
47315196
34049861
43227804
40932573
39578245
44083003
44860669
42010631
50488459
40911350
48020059
39785857
55783260
39066300
46807912
41645686
40477568
41562739
38509698
49406782
47926964
45038168
47523155
37853787
46027993
53428584
42986883
40696420
41144926
50191210
39584563
44191715
46705730
45367417
37429133
40100629
37610926
51118241
43629430
42677368
36461085
49332888
39353619
47798725
45772533
46082620
40251362
46506638
38931572
45016198
39842321
38693126
42119545
45381104
43598363
45143850
31409405
53338274
48009898
42249680
40177414
44211958
45024267
46017674
55203405
36518813
44500105
42999066
41744534
46648091
40348103
44713882
39397410
52111436
47111273
40270146
42169584
47361939
46695631
34006514
34630385
44245621
41974900
39464506
53446478
43863070
46981403
45900472
41344957
37275629
46861485
42190048
46153581
41922623
42695957
41634306
50215352
39789397
41636521
39623271
53761617
48657154
44338140
42528349
39221387
41326492
42743248
50030098
44931475
47393608
44644116
51431318
46120916
42236489
43378612
51695167
39121844
39760337
43028751
47925845
43921420
39401468
49877366
38190938
41777102
44774730
48904481
43540664
41887270
57416449
44480259
49955947
44968329
38647316
44274313
43488686
38491259
31442612
40897987
49832605
46280713
47848426
42371136
50127832
38039541
35170175
51564895
43523009
43171236
46969291
43437992
47752873
44865864
49898972
44280663
44271775
39803996
44241718
44216069
47615562
48075013
40880760
51539662
43894129
46290760
39852821
47295508
44182216
49096224
40038475
40892519
40083557
42895162
51788770
48681677
47453096
40099906
44130946
47614398
44007391
38575961
43409597
40012141
51931907
49840240
40376349
43849132
40513682
40390058
34765370
46924347
40497461
41708176
50174663
46333854
45053007
45665889
40954742
35756430
46648705
40256055
38021045
33572651
40525988
46702668
46289188
40394554
49978692
39411465
48590659
44766638
45362430
47578200
44765896
50737954
47869665
44327905
37741187
41496990
41672547
36046774
47696815
46943663
46196504
41275070
39429300
38427806
51280854
40658610
40036678
48158645
50729519
47774078
43158812
43432725
50060753
35471146
41115936
47574403
42862807
41983544
46138003
40938173
44806659
39093771
50472644
43018469
38565739
44513585
39623597
41835983
36232721
43554920
42403644
45180909
40415188
46176667
41119728
42731576
49903791
40259552
43006084
43590066
42879674
45896112
42462422
40696478
47174109
40502766
39536980
41659512
38255457
53376663
43100243
41926940
42084220
46085724
41777590
40120044
42376348
38837320
48635803
44924869
44393273
42969337
43934852
42639116
41342375
40649381
43116522
42624289
50977197
51462005
42745694
42373740
40481846
40115417
45155816
41924913
47027924
48589334
48702956
45461320
39870181
45593499
39662546
45904827
44053504
42495794
42731077
40508460
42282474
39671698
38710631
38788779
46156159
49440913
37297153
47368605
41865109
43121265
50352165
42021686
42109943
48729386
48574776
48296996
43617577
40799617
42776095
45999695
47311619
47378963
43576972
49865918
43953886
44255225
40834956
43638458
47094307
37009908
43379688
44275267
39867737
47916679
44899517
37918235
42899649
45078551
44335045
43207112
44864373
41770843
38921992
51019295
44118988
38108496
48969307
50306012
42714294
39057886
41310980
39424728
48443338
37824380
38257829
47720344
51585133
43499258
46184876
42138882
45526692
46467149
49975101
45426881
42727338
48421851
41663210
43660705
44724884
46237874
40144184
45291094
46735050
44726195
38119550
47936502
47448794
42385048
41067606
47111263
45643442
42786197
44537711
38256168
47100589
43715479
43330756
39433234
46892049
44020347
35931534
49098977
44540974
41015001
42797773
51035300
43246111
43881566
49315871
44237713
45792617
47334500
40993125
39994801
38757678
44648186
41159776
45370410
45251193
48548576
34962271
57673091
46267256
48348049
35151985
39816859
41005590
43044323
43358140
50466802
34392052
41332240
38389567
41974195
40029907
35426204
42420337
44762884
34956556
49078332
47470161
51388840
46567221
41579952
51893383
46320542
42521708
44639110
35436343
41274200
48550039
47990485
38910924
43745412
45098202
40702314
46674605
47008414
37946229
44254667
45650141
38415999
43973718
40120484
47060169
41323874
45360846
44510945
39172383
41476259
48418841
45733617
45430944
47461325
39485722
44671686
36918402
43776676
42573582
45747381
50316342
49675062
39630186
47092089
42752861
48684234
42753220
38567936
48016704
53964755
37904737
37259404
46154462
48152458
40515235
48944274
41967123
45895031
48440806
46337381
47490635
38184190
48069388
46972083
41325551
40088421
39590977
47729765
42175295
41367456
40406510
45262903
40154879
41396362
44375801
44010474
48488413
42087739
45291497
49262396
44478748
45990949
49126063
40055252
46230388
49736955
42312426
37982894
51047659
50310615
41473878
37453504
45582270
44490783
40070692
44638345
38509560
42189569
43772811
45759966
53345146
40431983
38946191
53076441
40149000
43081645
40305945
36419127
46224426
49238250
40430434
39153827
41598986
52234387
43429425
50590690
38875560
43648778
41906045
41463662
54051051
45865564
51947513
46282046
46872543
41209450
37075241
47927169
42117111
40485797
37472692
40431367
42651111
42130365
43737620
41835148
48425620
45719400
42206255
40730496
44174467
41359563
45984961
39791960
42725870
48793559
44519313
43819893
46088233
38379893
35116147
43311642
43547072
46877601
43228773
47517023
48494167
45131683
42955305
36666499
34471558
42875236
42258446
47949125
48203650
44274289
39139045
49132855
42251997
42411338
42201596
46205874
37814880
36102189
47779897
45092759
38221202
46079678
38935633
42372334
41298506
44183199
36581759
39528349
45419935
45063779
41375613
45132376
38758958
42279701
56852894
44337802
50061141
40535046
42336714
46311900
46215456
37213271
48601107
44795349
46179166
47612982
47693726
43659749
46411752
40605744
43237385
49402166
42046471
49077346
38118205
50239062
46841725
43887893
42881522
35837772
44653231
39681489
39566883
37170802
44956528
46184649
52322659
46813214
36799382
37823728
43160050
41691931
55754897
38860468
40028950
34187728
47499561
44218091
40374465
43807484
41929940
47464056
39054635
44847166
43044031
42596201
51765539
42627436
40861511
50885508
46959579
38827023
48432175
42885881
42070145
39217687
36271119
40834862
47898770
41435921
47775777
42316316
46855495
54679629
37692008
49524550
47806004
37065103
42606970
46586554
42671658
51228524
43127262
47769562
44344743
38075105
50555748
44305433
46292177
46715594
41355831
46599517
46495241
39014343
44943286
36573725
34770412
40688820
42399604
53145047
42083600
41095947
46589537
41704254
48547188
35418792
43002422
31841860
44772944
43741972
38812249
44018421
42238676
51002038
49017085
43860610
45162499
38564103
45213682
36451627
42905332
42352519
46784069
45499644
51646004
39343061
36909940
48400535
42530009
43904322
44888604
49688663
43084720
47725697
42100338
42370965
40505652
37590331
38478005
42933756
35933327
40247911
41965088
46888100
48073253
53483627
46614627
42244811
38901760
40682428
48799192
42953781
41991853
47107504
51666649
38609777
44488209
44638033
43299420
42749872
49402298
40615777
45550561
46319010
48284683
48164293
44129885
39030102
43955181
38965464
49630965
43225455
40682915
47643424
40491125
51698316
41747436
41952628
46826432
49837730
49835887
40697345
40741296
48770156
44055980
40528715
41799876
40046558
38852557
48540368
46022068
40748276
46745164
51739725
39834173
40699745
41543529
47879723
42851508
42361556
49983065
46746799
42271461
49627412
36082105
43509844
46651517
41586954
44196356
46863033
38112017
48044529
44842404
46631471
40066156
42539535
47674352
44208796
37427462
40079567
42686435
43952532
47391897
42873925
39364812
47996636
48933749
45308300
39978192
43199963
37385259
55067438
47121796
48055989
44381916
44790562
43728126
46825445
44498273
42837214
43183524
43918167
41580835
41187158
38871471
44649906
41381624
52303921
45625756
47536326
50304164
42984662
46274178
38381439
49978649
44711400
40038766
45942308
49139659
49462780
47867014
45806834
34973014
35509297
47777379
47412502
41485227
52730291
45621474
45529140
36638638
41021571
45849505
39953235
41922553
38641475
45590331
51253664
43998765
37322474
59042835
46269849
43014496
44349482
42214439
49143616
40997343
42214769
43055603
37222421
40760408
47739885
37636835
47181783
38829133
38578202
46513113
46728267
48209263
33932187
48718220
46367397
43253599
52292997
38696811
40512612
48694382
45729874
40507676
44956598
39548704
49840779
47264486
44220374
48368281
40994805
40608582
44371912
58562150
43341475
48958623
44386774
44669026
34991348
52891744
37818559
43806971
52942827
43994520
42984397
39769642
46074072
45732140
43953452
46108461
38502653
42437539
48064798
41176364
45792559
44390134
46943078
49134697
37117325
49062884
47036081
38324978
48765763
41325204
42947800
37774261
47172621
50322469
41067557
43556385
38959627
34243849
44933643
48316923
42185272
42562025
37494952
44691256
45058311
38922950
38151183
39192776
42496155
43292037
41489013
39857571
44602666
46495982
38733513
47607378
49170992
41019286
40986237
47670838
45145172
42578744
50743330
46935195
41730593
44314967
49578617
37928056
41904705
43077113
37801139
42788792
42030047
46031980
42395306
45995812
47367451
47451109
47663085
37114443
38353576
40894635
41890641
46745267
44197755
48230891
42345800
44847793
50334378
45013269
45897697
44284146
41581498
41659728
44578801
49276649
44133747
44594285
45609264
43189592
50880833
45155376
43501105
37147257
46823111
50668615
48691991
44305816
39919574
44890981
40275199
51248126
47950672
39228548
38574346
47682800
43147593
45862036
43421063
46328964
43623164
38138510
42198117
45124189
45733562
41554066
44061672
42034254
44524502
44831625
49381279
45609737
47645586
46351911
45509813
52984228
38080356
46528324
42744430
38386746
42737427
49263806
41100050
64354097
40165711
42764509
37849488
41900448
50529417
37258310
46778068
44670847
44490168
41696300
46814539
46265711
45127268
40238756
40056767
42017958
37371378
37294839
53347426
35500739
43263293
43050170
44522814
39609637
46781143
44435394
47750926
41641862
41757474
47619164
44024318
47463972
53841558
42259870
41367583
36752452
45325369
38491099
43049047
44628172
54428852
48323778
53593245
40178533
46171169
40445647
40698056
42760835
44409515
44477381
41880386
38946811
46610302
39077093
43268648
45852301
47635752
47105056
52853827
46572218
42171807
41267178
47373594
38132375
49301367
48794181
43643720
43568919
46716795
40708407
40091693
38489739
41724890
45529982
47351975
40477485
42154533
44591045
40898601
46155611
39580455
37313474
45108850
43283816
44166876
44162140
42648171
47748220
40122502
49169314
44918670
38592261
41507332
43686530
51805090
49212828
47949015
51317171
45443919
42862958
48738581
41830639
39959657
41130596
36109112
44502718
47538554
46823253
50993144
46905576
42686122
44985217
39617503
44050560
41710190
42213438
49809553
42094090
41729087
49482705
50222348
45892774
51262996
38897279
46626849
39243951
50535434
43700889
48520871
53021936
39512387
39179809
50670290
34262193
39782533
38759341
33007574
39509938
51165737
49062961
42911255
42458055
45835151
49942542
37458606
37344281
41121037
38139217
46492561
43844415
46829897
39611009
54338196
38550321
43957932
39039725
51109273
40304161
49501559
53144492
48957756
43692177
42645179
48233378
41049180
48500582
42798278
43342856
43906629
40208441
40339857
38981253
46412140
50583336
38425072
49699462
39652019
43396169
38718032
45755407
44638691
38335449
46464249
47144262
38037951
49408870
45129650
44536541
47899748
51128770
51979544
44861741
49547102
41922205
55941911
43947612
47874178
40411790
47907537
43339961
37173088
46261768
45096005
39795484
41296391
43299536
47499466
45551499
43487039
38841084
44425764
42853890
45972175
39914697
42217125
44927467
51632556
48095923
41124626
41968577
34586975
44463537
47748361
54229731
49274709
41996925
33896063
46812607
43623714
50400039
50896639
48414632
46674905
41605487
43791716
49579748
37437262
34106302
37701407
42732823
46509947
43117506
45931078
44635131
43311058
45101765
41675899
46555291
43461719
52650646
42563399
44567826
39442146
41858792
42273232
49274782
44590868
41479929
40607911
51715524
45607727
41526234
42152901
44884610
42760643
40522071
47920739
49449220
45841498
43223531
39404880
45716760
39452320
55569994
50691822
45254094
47073757
50275591
38209524
47818885
48687821
48455956
46995515
39019146
44514199
49801276
43980084
40350461
46704774
38500504
45749010
42912268
43623855
44801070
42074458
40506025
40045085
42387381
34901800
44077861
41739472
36060286
49393317
44277086
48013614
43225560
44694251
48024086
53317478
49440732
40056075
34016381
45744581
51114443
41319488
49204994
41957894
44471830
42945537
51079881
41943455
45304327
42459729
46871391
38339979
41740482
45568243
43189180
37762145
45887290
46276643
42474256
44783167
41033137
44984312
45492556
45921327
39905040
48128810
44152587
39557788
42321934
40770605
42709062
38801549
45475356
50901067
38858112
43764303
48879538
50488326
42947334
46558634
55146616
42471496
37295098
41761103
38737869
39955698
41505890
50739976
37532373
43009483
53106233
47144395
34789869
45260210
37236781
46441929
43463998
42580968
45622946
43609646
32383140
39507276
49703341
39144838
34550234
58191839
40761360
42023266
47017208
49871044
43747687
37769144
40242691
45146263
36313006
44724573
54143350
42044410
42482454
44586324
47370618
43737507
47925071
45531007
43665066
42990080
42624935
42392846
43169702
40144599
44948437
42443855
44953210
40870659
43341121
46941671
37286900
41821092
38008667
38855611
45677704
40474091
46469647
46293547
45541373
44924491
48816373
37391941
43103448
44410105
39830933
49027393
55509499
45814517
45715590
41836435
39557700
49590395
36766793
41976042
37989555
54270675
47965253
43503412
48919887
50778990
40079788
44157597
39342799
44190999
43709842
44550989
41168631
49855934
45123984
45183915
39207871
35643569
49176457
44134278
43598091
47359486
47329581
40421638
38989702
44959258
38652648
38791955
41170014
45706107
46812474
38261027
33748089
40916500
42269986
44441756
50834450
48589234
45401025
43587825
50931776
40420082
42480377
42818054
38769207
48107074
47255378
44197884
34195681
42817470
38815514
49333291
41174345
42615009
45573811
45771425
46116263
46880735
47993525
41148943
49847633
43313949
52573153
42875429
41513787
39333323
42446832
51253056
42671584
42920894
41858588
49645772
48934824
44450145
45637961
38140293
52389239
42985375
41699873
46829826
47044844
42475613
42511810
43917901
44462908
41547602
46368767
41259667
49242176
42334949
41999982
41230827
43684242
51349274
40990106
46189367
43221474
40561802
32146001
47737031
47574670
42925210
42545346
50086354
46636432
42107934
44042308
35143228
34416431
51612690
42075520
46498850
41160262
45812011
47143603
41994251
51234568
44116831
39606786
53699233
41344461
43389121
48651483
47083723
42095328
43752101
40362528
42378676
54770511
44474413
37819025
39788017
41953636
40092762
47618827
38204419
44782745
44968775
42862890
34859554
43577471
33830773
44822874
43978288
44895092
37406009
46094712
48949714
46271046
42336386
42890274
44767118
42573602
43602220
43708436
49593005
47993318
42242675
50784050
44501212
43413516
48042990
49019223
45551782
47557155
44444690
46558110
43701543
48743257
43945759
45111613
47919960
43647370
39219256
46862023
42286970
40254161
42771487
43705629
33615988
46200745
35372189
44564892
45243401
39357455
41272899
42323631
45233054
44508248
49652383
43997874
43863384
34629686
38995669
46130813
47047000
43391924
57491310
47678317
49308922
37241288
45135790
44284956
44190064
47246065
40878385
41986071
45262542
43321893
46161882
44776382
40693049
40078645
45358681
50871358
42612501
46687750
37461097
45248769
37030030
49366538
48698904
43841705
34297820
43070365
49075176
39715027
44378675
50349398
40284223
50056445
46402168
43355523
44137920
48263649
43617028
39702153
47914383
42669882
44041404
43484304
43944203
52660543
41726071
35249154
46006416
42719449
41110463
44883102
51314498
35635243
50865681
44390304
45008680
48577267
46597545
37377038
38450128
39954568
39988488
43099908
45522072
37444324
37858881
40498532
53075166
43223579
39043796
47244700
31442082
46336018
44031750
41352386
45958102
42352273
52080778
41170929
39402430
36863770
42501193
52065286
38515605
44935587
50721630
45487159
50118931
54130373
41969063
43244186
44571816
45655126
39963516
40215066
45771793
42107919
42785478
41082802
36642932
42798885
41391945
43149815
40764862
38837141
35764665
49011294
41520794
46738323
43730160
47038864
42833191
42451424
47547230
43294798
47232021
41219810
44294199
49770280
38580951
41274652
40657663
51748532
49036429
44138841
46813239
49772249
41700629
42633499
42388710
42714183
38775805
46216143
44604707
49143658
42883046
34706966
44133837
33148700
43579240
41199232
49802998
44214864
43328049
61453663
44281066
34909445
38493706
46765714
36114099
48060578
46541372
46962892
47143044
45612026
47274765
51922530
42098216
41801634
40629219
56232188
42860716
42030778
40293561
44396163
46186215
47356238
48534203
50958009
43725378
46382429
43068615
33199396
39847542
47800098
43314564
54800639
49705138
42466621
45004212
46367710
45110975
39397939
36332866
46388395
54374324
47685557
40254955
48391992
40016216
47005615
44750645
43150752
42665878
47141213
43116465
33250810
41900610
49782420
39972554
50575329
47675844
43907880
39752532
45235357
40286403
43285702
45597494
44068768
43638222
51374149
45770381
46255812
50779667
42579355
42986413
36526168
45822366
45280497
47198859
36412767
40171033
45094058
47022535
46619920
43538967
41866683
44776841
43669123
37088487
40790484
37956343
49249464
46755625
44600873
43083302
39053315
35097876
40992659
44723375
52681615
41937970
52811788
48562733
40377257
44648306
41577459
39125129
41845117
43325467
40837039
46857618
51780893
53390441
42507847
44102221
46268809
46861160
49880796
42246162
50397731
41692395
41283121
48050054
36580900
42497754
43989122
52857777
40479535
52543359
43613113
38289804
43087321
44991441
42570868
41503951
49130876
51959168
43561924
48507227
43645315
36529401
43165931
37570019
41641832
51823309
42229152
51908779
47338734
48980895
40432450
41792776
43984689
37575270
46490143
44187274
47775332
41078760
52613425
40802985
45589824
35944295
45789439
41603839
40084135
45071417
46569853
42636699
38154619
41522733
47081669
46007221
52053449
43413231
43383838
43713587
43456753
44534430
41061419
37917944
40766415
50777189
40286061
41159298
38641450
38422220
38946187
46375850
44119055
39730730
48132532
47388430
41720990
40731521
40462956
46029424
48483633
37930517
40613844
56277373
38745088
46793113
41914481
41043815
50709576
49261760
41110252
42319696
44013483
43201461
45917354
42193706
39848377
50134700
52889551
47882172
40243676
37271194
40455552
36549301
44646813
45592816
39986994
50590924
45688158
38050895
42806081
48399465
42343676
40233300
42069994
41438099
49933036
51412088
44013245
44853668
36803119
51236102
42141255
44477923
44606117
43551990
45201729
46615337
39672588
43343871
41442227
47737262
48229505
39919423
49117142
37839365
44220874
53055403
39547915
43545858
49122620
38558702
39396562
48433633
48435384
45397518
43745711
47566431
42202779
40314204
52946201
42600151
40268863
39597705
45605510
40286631
42188333
47000211
44029749
46042994
51033593
42274027
42194422
43776580
38254581
51229226
45471909
38351644
49363146
45884097
42900902
33786398
40579143
43448390
41565544
45150000
41617749
51460454
41084408
43582328
43986032
41801910
43680102
41414015
51371339
48310583
44163008
40408129
44199401
41076857
43662203
43188939
43147945
53315978
44173321
43411656
43244585
41128372
40173379
40029974
46248602
40189524
39225545
40201655
45620371
46886444
39109635
41012157
38139197
41779895
53918654
39910991
47383524
42283921
42291047
42104792
46593828
37646246
45116313
48954630
46465174
42057303
47508092
47094183
44916006
48348252
45532422
46706297
57185676
43124639
39505173
40598746
38510244
42920536
42690495
48448985
47468151
44143622
43140687
41006984
46701236
49140770
43104274
46559618
40201524
42753895
43871456
39983201
44030167
45732948
41418220
41284489
42588495
45201838
51218295
40396287
47968464
44882741
42444255
42436391
47567084
39468121
45257999
44243549
44957294
41985841
44400522
38673943
43331477
50951566
45109622
43755712
44391382
45685190
41116769
49522246
36794463
39410011
41075521
47521398
43325583
45318005
45063518
48990399
38518583
41511344
37149218
51616660
43275905
47459509
42312356
45411301
43583401
37609612
40604762
44205275
40923958
51613870
39398998
43381651
44475067
47794049
43252101
49313675
38691958
45474895
47802769
45085663
45886472
37559714
47772364
41833374
43794463
40953866
46912277
37698546
50992526
45625682
44082242
43002320
37340695
40607691
42833653
44543494
45033872
43938561
38229558
42907456
46381553
40713926
39004669
39956139
48020746
48017320
49738192
41182422
45911077
46758320
38022816
49846486
50250992
44982128
45800024
42785074
41745965
45891683
45780384
37346287
49672077
44738119
47271373
41057878
42356062
46093265
40011386
38290024
41551722
45274191
45961630
43379121
47315882
36653282
44251198
45792916
41101328
41046511
41405741
48364525
48155774
44801769
37254266
43858237
54280649
48365698
44303972
42091493
42897535
47746668
40793071
43365334
42408416
48404387
40041289
46872324
41901148
40946391
55108816
38599323
36309926
43034903
40435875
37647693
47573740
48995866
43884009
47847734
41977147
45950638
41902524
37474016
46996566
54279895
46598477
41850234
39652903
45657897
37218869
45788243
47129607
45196017
50913385
47330207
42094532
40308676
41847174
43215037
47797687
36634121
42471396
43074688
44526777
36201997
37056068
44550113
43449093
44837725
40844152
54255055
42022237
41924807
49548377
40177736
36578413
45103776
52133813
39082531
51773618
47054954
46021077
44609222
52954477
46524571
46671169
46003519
43440824
42183276
45547001
51811597
43365566
38768716
35839499
52845046
49081327
43364216
47245630
44314011
52660517
36484678
44036637
42429525
40757274
42280329
35103753
44257228
39232039
39125290
46005235
39035435
50517037
43080098
50115335
39563666
41949122
46094423
45034809
36488852
41680936
48266261
42040203
43918464
55607638
43222004
38231996
35542744
56956299
47774612
43439838
43705720
51977886
42767993
47767550
48885095
42968870
42753671
38998090
38503618
41834749
42453294
51753815
42982702
44888949
47063069
45405086
38663589
42918693
50161649
47590328
39846232
44405928
44264530
40852828
49657755
48738910
48915536
50065916
34220767
56145209
41039843
45276897
54777846
54223301
44959091
42090288
45513891
41776437
44708881
39914319
45320748
39080256
46081576
46404903
42037133
40502599
41952602
48718903
42597995
42059088
43785217
40523614
45903901
48677657
42963489
40856172
39926918
48991733
37870268
44951656
39697791
38877615
36730618
52189908
44985080
43044873
48415817
54652880
45655371
42507368
54555250
46967158
43329902
43382953
49093279
47434753
50576553
44680848
43241072
38356534
47788978
50164801
44405954
49816389
41045732
47254309
41950731
49134457
41136645
36010575
39027565
34902989
38837422
35744336
43018717
39986194
42542671
47826421
35333609
50962676
42247336
44085550
51140704
42358876
40992589
46877252
41206347
43732752
45068634
45372554
43040408
47392201
49342924
47286593
44935921
51579178
41423244
42600280
42346324
50861320
49709566
45649790
46782749
51260238
38792547
36117423
43613609
37398401
43744769
41120264
44971492
45561577
43970571
41913826
47417849
44229735
44997570
40680727
37782501
39743898
40673499
50476898
43982819
51398632
44836266
52557307
46670967
49149247
44858131
40954849
46662272
51373991
44713959
48506684
49452809
53094104
43353255
38935664
31353216
44142445
39343457
45725860
40396669
52997718
36891825
45012333
39950227
38407265
37485403
51912064
42782886
43631662
36727643
43835938
47363430
43745249
36011042
51988417
42731103
41854641
44113641
45344615
45773499
32282784
38741871
50253107
44345078
51478817
53631472
45714381
42641381
47861319
43343728
43298569
46038266
44763479
39533979
47901934
40004118
41332387
30053661
41867586
49159919
46049296
47209591
38744387
46802888
42825655
46485538
39594329
51733166
43884344
47562712
47755150
45885553
41268717
42901838
45575295
39886891
48445020
44545258
43451821
42134860
44560129
44082194
54489759
46840598
41843783
43780080
39261193
46262635
46384891
43620359
42020451
44675069
48249313
51504628
37620856
40093038
41902090
44934173
42594846
44628527
36222886
43828809
39418665
50369038
42997249
47208703
49151779
44413669
42256271
40791631
41139252
39961654
40438657
51111828
55956268
46638769
48051282
41660495
48470442
43092012
41158232
46832157
38491055
46732389
49104121
47198559
41017557
35855598
38942166
36539543
39031569
46121302
45943602
38882721
48701475
46200842
42577823
40000795
46224559
47465581
46827112
39866104
43241951
40090298
45232938
48180251
40817262
52393875
40254932
45757472
39866149
44265145
43372601
42127714
45206734
45636601
51313796
49601473
47043154
46229695
46695452
39123168
37737567
45578929
42608396
45853444
42650399
46237348
52153447
39143912
46153236
44669538
46295004
53592248
43718296
46732396
44032513
45940271
46992258
47320994
47400214
43827923
55244698
42367944
35890518
39514030
39753344
43238677
44360623
45296373
38528355
45469504
42464879
45939748
44081124
39869894
51887128
47071072
44507742
44640296
46384268
43972759
48717915
43148976
44310615
45521930
40606768
50645042
46645529
43943749
42855187
41584550
43078005
36185130
40697455
48200281
53238691
46823731
37598024
44579458
45134139
45052736
42003782
46891725
40489633
40232577
46947521
41582838
42029884
37087550
46306391
43052460
31381606
44910522
42307782
41904286
42487198
47466045
49784908
48387121
49165411
43753947
46929455
46571834
45552072
34386447
45173938
48346420
45092882
49551359
45655699
46113139
48493934
46551453
47558534
41571246
45020245
42249986
47696083
47675545
44904053
49512170
36002056
44141484
47057292
47411411
42275778
41836942
47756260
36659166
44872715
42504616
44032062
42502534
38981964
47045191
48667728
41033651
35698202
41549590
50764108
41213072
40031919
42612855
38084069
37620296
57565888
40815345
36904869
45178191
41463567
45472830
45930860
41840786
45941304
51414641
41919322
44937118
40863053
49251527
36638198
44705766
43467748
51867114
37049819
45343597
52748592
42645442
41748336
44309142
48044469
42065456
48558094
50842099
43772139
44866604
43250923
45007770
47503053
44034319
42582482
48050625
45357924
48574999
45837169
54625946
46752407
42959795
41249802
43657168
43897826
46563738
46933277
39494199
42436685
50514772
45815422
41148399
37094445
42277111
45039764
42199358
51088617
45992627
47442188
45518151
42294774
46463089
44275331
43967602
40939633
55652145
47641134
36598532
49544433
34574401
39944916
46503722
42277094
46631292
43665769
49083376
45197870
45844133
46999229
40732196
47424464
34705211
51832522
50529380
43434000
47000987
44620534
41857926
47774405
49896083
45331491
44470223
54035990
43800459
48734294
44396411
46939190
38094722
41322012
38229973
47624385
51297492
41545811
40743309
43829109
47861456
49960640
39492738
43839578
44124421
53383422
49024030
39229862
41166418
41269964
54434540
56219175
38199323
43817650
40961547
55385992
46883998
38238847
39590738
43118229
40709442
43982085
49581724
37595093
42560368
47260779
41563864
51228187
47530517
46889443
46554736
40473907
45701419
43124059
44947582
44404874
41650024
44788310
46439991
43473413
45829472
38444228
46534267
40022742
52788276
44593219
42639406
43109744
47366923
49215713
43432302
40638886
46512577
39912586
39008825
47181627
44207569
44946884
40235802
46674114
45033919
40484456
50043201
47998388
38167204
43321049
48003095
38268133
43244573
43635163
40057885
45518294
49554000
42980386
36475427
53173990
45218284
42929395
36395942
44485549
41598472
46802796
48613636
45667864
37937874
51070109
34677255
48108989
47562653
45533040
46070012
51296901
37900308
43355868
40762610
46409716
47363239
43372886
43245095
41314469
43489272
49115874
36102245
46919165
44858826
40262431
40970509
49223745
49755372
35795578
42439738
43519148
34762599
38147351
38423966
45035656
41290019
45661413
47253676
41240554
42889656
40256867
45110944
44760024
41851027
44412948
42056528
44342719
39985568
47545527
43929539
46610648
39554595
47701818
41495023
43642816
42560902
45043819
55226184
37596635
45836651
41193339
45808670
44906271
37058008
45928915
45221180
40791118
41789298
47996654
50436354
42813311
44131304
40708209
43459968
43764956
44504143
42790362
48893916
48165406
45336727
39134093
38476128
41260909
43933662
44854581
44141946
53057600
42532574
40304230
46630638
40709050
46344565
36795586
51149141
44577778
48275551
38720025
44796454
39327414
41098114
40148825
41003863
43426880
46393541
45668138
43020595
39549379
42994182
45055896
46193390
41682182
44129754
39795721
41271822
41621327
36934327
39690361
46914225
44349723
51149429
48085058
43246194
38800029
37925609
37043031
44749480
42086846
45335035
40750205
44124656
46856686
36110335
50254964
44095955
44594370
46080272
46342425
46790185
37987627
51689202
52673117
37156019
44317572
43083429
41883468
46796147
42005673
47598387
35832365
49766610
43906150
41679020
48702478
44162625
36586096
35819898
40486508
57717093
42053895
39131862
44786217
43874058
44763409
50206279
41064488
35650447
46726943
49709623
46442912
42109448
44451939
47202203
41502075
41120925
37646632
51024631
49996460
46829326
45795967
36683533
52327741
47075393
41847784
42752391
41039405
45344172
43552261
43532257
40831161
38769395
46568652
53115862
41753887
46780949
37716908
46477205
46583196
40326413
46694176
50428297
50167991
43437911
36835541
44284632
47338136
43685291
42182577
41046367
45724930
39307601
52415909
49887840
40846532
49758553
47543366
39218673
43339107
39275674
43852373
39684225
40638410
45579578
46461921
50221232
45216651
40416830
42562447
38402721
41014658
51478134
40465092
48825510
50260758
42524752
46187150
39041152
39792158
43822173
39140298
49741127
39003394
53824948
44750238
46678164
47990429
43994044
48252852
48795962
44201197
50708398
42122541
41729778
51319778
44554502
39633327
48193963
35874090
40693867
43749089
49821885
48356949
41336420
50306981
38649326
46279437
47129597
41473153
36241595
46781639
39250396
39320866
35242423
45450911
43146998
52193717
41188697
46637237
44298012
39873581
47668658
43029907
42828681
39288523
46704671
46648720
55980317
42705426
41077810
49603788
45862348
45262110
36604691
47369038
46016858
42385664
46534025
54564306
52477689
47854489
41663965
38406590
46739756
39076166
40403270
37763725
44702101
43818998
36466270
50538684
39761822
46591559
39009678
48587129
35642618
46357051
41264229
36327687
49399579
51100376
44953974
33667953
37953286
51269484
50250706
41618180
48834486
46355969
48420118
41105213
47197951
49366957
51622103
44542906
49717745
46439870
47502627
41741906
44688834
41181026
40043624
44272583
41770536
41515002
41353336
39787531
44219198
37756751
46432142
46206997
44151821
49365901
38542251
38515464
47433611
46388380
43663629
36632217
43210958
41309801
47898875
45952661
36259761
38796040
49558605
47898571
40975765
43063857
45400213
48560322
42599314
37903895
47381691
47196718
40132815
51444585
46831471
41458677
41169889
46687866
43907923
42117946
48511524
45454603
43190470
49647687
46787776
52384319
43975541
38030772
40120868
32546690
42987585
45172068
48338632
44299470
40734947
58802169
48024426
37872677
40728998
53378327
47137312
51640045
43968885
42103746
49617100
38836506
48995924
46332563
43473783
42338253
40753789
37624076
46863092
34940455
48428617
47998506
40599074
40842455
46354886
44529176
47678845
34275250
37490249
43328036
53649472
44068101
39790146
46435826
44514669
46573238
52837257
37093249
47438652
40025463
54342960
41040037
44377978
47132073
44910637
40569331
45203555
41864394
44708065
37398709
41782513
46070942
48065429
42534931
46287915
40474346
39555672
38187502
48507177
39301934
41880567
40787946
47109483
48812289
44635924
42961149
48822986
39423304
57909229
44508797
40536953
42272738
42724896
47462355
52493422
48284696
44948780
42768618
50602889
46747846
44359325
48982553
41146363
43007869
47176943
48748937
47700578
41390182
44199011
44521001
48127991
47395605
41824323
39560388
41374070
45796763
46214287
46688469
45176184
40724722
46122227
44610987
39859518
49534411
42974822
44217137
45121768
43077979
41670143
35093898
39487043
44887826
41850330
44765223
50848808
43449849
40851063
41125049
44619956
48041575
35896863
45063462
37729445
50456590
46483459
37246269
46269543
41206863
43010886
40974350
35436750
48930460
35705271
44194464
47800054
43617925
42633008
44763388
50109764
44058372
46493955
34627788
43434118
32095377
48231225
46338428
43896290
41589089
35760237
41196500
43603928
43442333
40296300
36707728
45008275
41473579
47062067
40901012
42062129
47199504
43533390
46285785
41819627
42579220
49077472
37500407
50410203
41308186
47697109
37926242
49933173
48766071
41968368
41022840
44178452
36480560
49070055
53793702
44510438
47729557
40689233
34784589
44747456
43315111
44018280
39655322
36999979
43201739
46321632
40551483
47840389
46121454
44196678
49646192
41718983
43936086
37556622
42479429
39308833
45734238
47445835
52110875
47025620
37069513
37869676
51106217
42797352
39637798
41278597
37149543
42638498
40126573
48354758
39610718
45099689
42447526
38317848
47595413
41749546
44838162
40937735
41693514
47770352
37098880
41162907
45345150
41558291
57492387
44172863
41998000
44054844
43435964
42244009
43657129
45276620
45604548
45945964
43218341
43286338
43067264
46776535
40739324
44275135
41936731
39887532
48579650
46233190
48643377
51516741
44367947
47593967
46368095
43819054
44748234
44043978
40771092
41344846
41592351
47605877
38845771
41299951
42865575
46634500
33731243
38970176
35823946
38013548
49400583
44497015
46931746
43841615
43324274
42828492
39479720
40714532
47866640
42044088
48856043
38073830
45678846
47186623
49723967
44757773
49793783
42412224
47466573
41916747
38566911
40135131
42329329
46803964
46942525
37486043
40121154
43272103
41373045
39627583
38815164
38709896
42481796
45047873
49462630
48035177
42304252
43737518
42638948
51548147
39625805
41339465
41900042
45845388
40851836
46226519
51256849
40083549
49316712
46421127
49225788
40205545
42465775
44779078
40259280
45040372
40797513
39642947
43867628
40945942
38571153
44605828
47258809
38134600
51180037
47821355
41397712
42941546
42883771
45966159
43119972
50946808
42528811
36530768
44173905
53393921
35785766
46018110
47463521
51812047
41658576
41049472
49376496
40953340
38695634
40622499
41489229
49095151
41271406
37670993
40075521
44405273
41148047
41114354
46504052
56480632
45140705
50305702
42738035
45917227
48480610
36066949
49233161
45634458
35636886
44985630
40680115
41696054
50027718
49611817
43427226
35981537
45007909
41751384
50947564
45562048
42002229
48109296
49383962
54883514
37212870
43465759
43145334
33985490
35265410
42735828
51651231
42296918
45536516
53258873
42727438
44590152
43950120
45885400
35824520
48900040
40103773
50270667
45852849
41780758
44631095
45026160
48058880
38644557
41525015
40152130
44196452
47625405
53384399
41199422
46822990
51318121
46977312
46829213
43205622
49118562
40087961
40568736
54562645
46430038
40988226
47031330
55178886
40882309
48808068
40075760
41057153
41324805
42983701
51704118
34032145
43917349
49711939
35229133
44965336
42586624
38422681
39059328
37266688
51166971
39359106
45068671
48415910
40228486
41106146
45080404
51231915
38448589
47403616
47848339
41214415
47382723
50054570
42243870
42165746
47402134
39764446
42201931
36560011
43792462
48348858
45067492
45322375
35131946
39757440
44681517
46388317
42486846
41328394
44421919
43628660
49599078
39508273
45365449
50776799
46381558
44212389
42321046
43541747
46752719
45853700
45938921
46264378
49907445
42080769
47158995
40107495
42870375
42384005
45826803
38189662
40454662
45621798
50873115
46678328
45003631
34912988
44958727
34193838
41606438
43865925
46606063
41624836
41504359
48743351
47153878
39175017
43770142
41030221
42733813
44028975
45630671
44807110
47940971
40295634
39967247
43883529
44247199
47509651
47163907
42803808
45663268
41465146
40587537
43063245
45323688
48803382
48235220
46611794
41691564
47195326
38728316
39184853
46269214
38441815
46265787
39093170
44607876
44300513
41837378
44097645
39490192
39575926
46348604
49112758
40361036
42913171
46649841
42646098
43855270
48011978
39686208
48551058
50372831
44343541
44681801
37417395
48801898
44924302
39514527
46889540
47085804
48206174
44760059
47885328
42718008
42585458
36714257
47337080
41589196
44893368
49631088
49309005
47897161
43492581
42629762
42350156
43168092
41117185
43943578
38398116
40819548
42214045
48681079
54680057
37380237
48856523
47051641
38991719
42084276
43539413
35800643
45940288
45531325
46402753
41275768
37135393
38559893
41883089
40202557
39837160
43923008
46391484
43261178
48784497
38055127
52133377
35508896
40154648
45636059
46580454
48384884
38860821
42204777
43595760
44083542
51697846
54014911
48304498
36909510
50025972
39230173
50719412
42372162
43295117
42137360
46687474
47400459
45692744
41804984
37661260
47449069
45056040
46759060
32811961
42910170
49241303
42797470
48788564
47107977
34836013
46373697
49750230
39093010
40411051
44195912
48072056
43389828
48950609
55633642
38942535
44710308
41415101
48921886
43954212
33518265
39328124
45523105
41007521
42405382
46294600
38103598
54259290
55399565
43677717
41337099
41491645
45689527
39732325
40150873
47409617
39297044
42770367
57781157
47012453
44602790
46597361
43788334
40891397
38990029
39906666
50390063
42755845
47850231
52453292
38725382
45553437
46273313
39497775
40838320
42642269
41454871
43408650
39003036
47547682
45010467
40049161
44026844
33175588
38911288
40103317
39777702
41573969
47865574
45522392
44817290
44271314
42362607
36036864
41779313
41358424
37493718
51286400
48957015
47105110
44598487
43996665
44088027
34967326
50455577
37873790
43852258
39939134
41971443
54948827
49400269
44211560
45524353
43626518
46656174
40139360
42241409
42306874
39772359
37963821
46388986
46981941
52563613
41276229
41477549
39742586
46722942
42977398
42485451
45609462
45983224
41485319
47399335
46586475
43035387
40114762
44499517
41200549
48377888
35058746
45846424
41173463
45531098
43292193
46767991
50087928
39579848
47594981
43699358
39489716
40970333
44908932
45318046
40067204
38155368
54703437
55208176
49045469
44140930
41697873
48959332
46432195
45432514
44426663
46940067
48517329
40339572
38252420
45670729
39829524
41334311
50106896
42260365
44586121
53958033
48544723
49675717
48591989
39064504
35477147
44809583
39278978
36043264
37366513
48885595
37783367
45246451
49807238
52499529
51381924
47478588
41927837
41601842
46532562
45099428
38964819
38225863
39136350
42584385
49459230
45065358
45490071
44794994
43711670
44399910
41700639
40566307
52269656
49731629
49746961
52535975
47864500
38523685
47944767
30316215
40931444
34998774
40496965
39387176
41807795
48229299
45475594
48649721
40909169
47285117
43546346
45016229
43127330
52684810
38771609
43810121
42281954
44845064
42281222
44035901
51258125
44960006
47676540
39376220
39461387
41211654
40869252
50608385
47732524
44905702
43433204
50676698
41664040
37442382
42295688
40374946
43605774
41333633
41531390
44314769
41584109
52796883
37996685
35800216
42124234
35521887
43375436
41248187
47955627
42860436
41475107
43098974
48905209
41174516
44750692
45701115
46357223
37684908
37101747
47501925
41234726
46709799
51756562
51124735
49843965
47021954
38195483
41979282
45273849
46516154
47657022
40794668
43141938
48150299
49517158
44757301
47857383
48989243
37837568
39710793
35009070
50276328
29705779
40903329
49267537
45309595
46378478
43047463
39301109
9632450
9060
9120
7440
8460
5580
0
0
0
0
0
0
0
0
0
0
0
0
0
0
0
0
0
0
0
0
0
0
0
0
0
0
0
0
0
0
0
0
0
0
0
0
0
0
0
0
0
0
0
0
0
0
0
0
0
0
0
0
0
0
0
0
0
0
0
0
0
0
0
0
0
43258
42233
39789
33240
33558
29460
27850
25020
25080
23760
26640
18198
17880
16920
17760
15540
17040
18360
16920
16440
16380
23700
22980
15600
14640
15720
17718
17280
15600
15780
17400
15180
16560
18060
17280
17100
16500
15720
18420
18180
14820
16620
17580
16980
15900
7980
9000
8340
7740
9060
8160
10560
8160
7140
7680
8640
7938
7860
9420
8100
7920
8760
7680
8220
8640
7080
6960
8640
7380
8700
8400
9300
7920
8220
7560
8820
8400
9060
9060
8880
8520
7560
8580
8880
8160
8940
8820
7080
10140
8100
8760
8100
7200
8400
10200
7680
7860
8040
8760
8100
8160
6960
8100
8820
9060
7680
8100
8040
9480
8160
8340
8760
7440
9120
7560
7920
9858
8160
9120
8580
7620
8400
7920
8820
7740
7500
8820
9780
9180
8280
8040
8640
9360
8460
6840
8220
9300
9000
7080
7620
9360
7740
7980
8160
9540
8520
8100
7980
7440
8640
8700
7860
9060
9000
9180
8280
7680
7140
8880
8220
8640
8940
8880
7440
8520
8280
9540
8280
8340
8160
8220
8700
8220
8100
8400
7860
9780
7200
7080
8940
7560
8220
8820
8460
7680
8880
8520
8040
8400
8100
7620
8340
7860
8640
8820
8520
8520
7740
9120
8040
8040
9540
8700
8940
9840
8100
7200
8340
8880
9120
7440
7740
8640
8760
9240
8340
8580
7920
8700
7980
9600
7980
8460
8280
8100
6900
7200
7260
8700
7620
8100
9360
7980
7020
10080
8118
8760
8460
7680
7260
8040
8940
8820
8760
8820
8760
7680
8880
9360
7740
8460
8340
8340
9720
9000
8040
9120
6960
8460
8160
9240
7860
8820
7920
8640
8460
8160
9660
9000
8640
9300
7380
6960
8280
7260
7680
8520
8160
9240
7680
8820
8160
7980
8880
9000
7860
8220
7860
8340
8400
8640
8040
8460
10080
8220
8040
9300
8640
7620
9420
8520
8820
8760
8280
8700
8220
8160
7860
7800
7800
8820
8520
7920
8700
8100
8160
9360
8460
9300
7800
7980
9660
7860
7920
8100
9240
9660
8880
8820
8880
8700
8100
9060
7560
8460
8100
9240
8460
8640
8160
7620
7560
8220
7320
8760
8880
9420
8580
8820
8760
7380
7920
8100
7800
8220
8220
8820
8940
8280
9480
8640
8160
8400
9600
9120
8700
7560
7680
7800
8640
7200
8820
8760
10440
8640
8520
8100
8040
10140
7800
8040
7320
8580
7620
8280
7560
8460
8940
8820
7920
9420
9060
7800
9240
7800
8160
7800
9600
8460
9000
8220
7800
8280
8400
7680
9300
9180
8760
9360
8760
8280
9780
8940
7680
7620
9060
9060
7740
7920
7620
7920
9240
7860
7200
9120
8220
9120
7200
7980
8100
9660
9120
9240
7860
8160
8280
8460
7620
8820
8760
9360
8640
9900
8280
8700
8160
7620
8760
8700
9840
8280
8340
9240
7920
8220
8160
8760
7920
8160
8640
7620
8760
8880
8040
8940
8760
7920
8400
9120
8460
8220
9120
7980
8280
8040
10200
8520
9180
8520
8400
7860
8100
7680
9120
9480
8160
8400
9360
9120
8280
9900
8460
8220
6660
9000
7980
9120
7920
8160
7260
8880
9480
8880
8400
7560
7620
8040
8640
8040
8940
8700
9060
8400
7620
8640
8520
8160
9360
7320
9120
9420
9480
9240
8280
7920
6900
9180
8520
8880
8220
9120
8460
8340
7260
8640
7620
6840
8160
7860
8760
8880
9660
9480
8640
7380
9300
8100
6780
8400
8460
8220
9600
10020
7320
8520
10140
9540
7140
9120
9360
9360
8340
7860
8460
7320
8460
8880
9360
8520
8460
6900
8520
9120
8340
8520
7620
7440
8640
7260
8280
9600
8820
9060
8940
8580
9600
8760
8760
8460
8880
8880
9180
8520
8700
8160
7620
9060
7680
7740
9240
7020
9240
8940
7560
8700
8520
8700
7740
8340
8220
8700
7380
8340
7260
8220
8340
9180
9420
10320
8640
7620
8280
9240
9300
9420
8100
8820
7920
9360
7920
9960
7320
9360
8820
8400
9060
7740
6540
8400
8520
8460
8400
8700
8400
7380
7980
6540
8400
8760
7920
8580
8520
8580
8400
9180
8940
8280
9360
8400
8160
9180
9180
8520
9600
8580
7380
7920
9900
7620
9060
6780
9480
8340
9180
8880
8820
7560
7920
7140
7680
8040
8340
7920
8220
8460
9000
8460
7740
7920
7200
9180
8940
8700
8880
8460
9180
8940
8040
9300
7080
8640
9060
9900
8340
9060
7080
8400
8520
9060
8580
7980
7200
7380
8280
8940
7860
7800
8040
9900
8220
8760
8820
8100
8640
8340
7800
8160
8280
9060
7620
9180
8640
7620
8580
9180
8880
8400
8880
8640
8640
8040
8040
8640
8940
7320
8520
7860
8100
8160
9900
8700
7800
7920
7680
7620
7800
8460
7980
8700
10260
8340
9180
7920
9360
8340
7980
8520
8820
8100
8340
10080
8400
7560
8880
9060
8580
9300
7860
8760
9180
9060
8580
9060
8520
7980
8220
7680
7800
8760
7860
7260
8220
10140
7140
7800
9060
8460
9600
8280
7800
8040
8700
8520
8760
8340
8460
7860
7500
9240
9420
8280
7860
9000
10320
10980
8940
9060
7920
7560
8880
8100
8220
7920
7620
8880
8460
8280
9240
7740
8460
8340
9120
6900
9240
7800
7740
7500
8520
8340
7500
7080
8220
7860
8820
7500
8100
9000
9120
8160
8880
8340
7620
8040
8760
9180
9300
9060
9060
8700
8700
8940
7560
7080
8940
9840
9060
8760
9840
8160
7860
8280
7680
8280
8640
9540
8220
6540
7620
8880
9180
7320
7200
7500
9000
8220
7560
8520
7620
8820
8760
9180
9240
8100
8040
7560
7320
9000
9240
9120
8940
8040
8580
8640
8460
8940
8040
9300
10140
8040
7980
8220
8100
8520
9060
7620
7920
8340
8640
7440
7500
6840
7980
8700
9780
9360
8340
8280
8220
7380
8700
8700
8340
7320
7620
8520
10200
7380
7860
9060
9180
8940
9000
8940
7260
8640
8460
8040
8400
8460
9180
8880
7920
8220
8298
7500
9360
8760
9420
8400
7800
8760
8940
8220
9180
7920
8280
8520
8760
9420
8820
7260
7440
9660
8820
8580
7740
7620
9060
9480
8220
8520
8280
8820
9060
8820
8700
7620
8040
8220
9060
7140
9180
8760
10020
7980
9720
7380
9000
7860
8160
7200
9420
7740
7860
7740
7920
8100
7680
7740
8640
9840
8460
9300
9300
7260
7980
8100
8400
8100
8220
8700
8340
8760
9420
7500
8640
9360
9360
9480
7800
7740
9240
8580
7440
8040
8340
7620
9000
7620
8580
8220
8460
8280
8160
8580
9300
8520
7560
7500
9000
8820
7740
8460
8340
7740
9000
8460
7740
7440
8760
8100
9180
8580
8640
7860
7740
7320
8400
8580
7740
8580
9060
7920
8640
8160
7500
8220
8280
8340
8700
8220
8580
7440
8640
8400
8400
9660
8880
9000
8400
9360
7440
8100
7860
7740
7620
9180
9000
7560
8520
9060
8520
7920
8520
8940
9300
8940
8520
6960
8760
9540
7740
7260
6960
8340
8760
7980
9360
7140
9780
8160
8640
9060
8340
8520
7740
7380
9720
6960
9000
8220
10260
9840
9060
8520
8160
8520
9780
7920
8640
7860
8280
7560
8340
9660
7500
8460
9540
8220
6720
9360
6780
7680
7560
8580
8400
9240
8580
8100
7560
8160
7860
7500
9300
9600
8160
8700
8940
8880
7200
6960
8400
8280
8100
8580
8280
7560
8700
8580
8580
9480
7380
7740
7440
8280
7320
7560
8580
8460
8940
8400
7440
8880
7200
6780
8400
8520
7860
8820
8880
8820
7920
9240
7980
7380
9420
9060
9960
8160
8100
7920
8640
9180
9480
8700
7980
7980
9540
8040
8340
7500
8400
9300
7920
7800
8160
8400
9480
8040
6960
7140
9300
8460
8880
8040
8520
7500
8460
8580
8640
9720
8580
8640
8820
8580
7080
9720
7980
8040
8820
9180
8760
8460
7800
8040
8520
6120
8340
7920
8880
10620
7920
7440
7380
8760
10140
7440
8640
8520
8340
9180
8520
8160
7860
9480
9300
9300
7740
7920
8640
8520
8040
9360
9000
9000
9600
7680
8940
7620
8880
8460
7260
7680
8820
8640
8940
7680
8760
7980
7920
9180
7020
8700
8760
9420
8400
7740
8160
8880
9180
8580
8040
8100
9060
8100
8100
9000
9300
9720
7320
7800
8100
7920
9060
7740
9120
9420
9000
8760
7080
9240
6960
8160
9060
7860
6840
9000
9180
8880
7560
7680
9120
8220
7740
9480
8220
8640
8520
8280
9180
7980
8580
8640
8940
8100
9120
9840
8460
9780
8520
8400
8640
7980
8640
7800
7920
7800
8460
9720
7320
9060
7680
7620
7800
7980
8400
7800
8340
8880
6600
9720
7800
8100
8400
7560
9060
9000
8100
8400
9240
7920
8520
8280
9780
7860
7860
9780
7980
9420
9960
7260
8460
9000
7920
7260
8220
9420
9300
7800
8640
8460
8520
8700
8400
7740
8220
8700
8700
7080
8220
8160
8280
8580
7620
8520
8460
8700
7920
7920
8040
7440
8820
8640
8820
8640
8160
7620
7140
8460
8700
9060
8700
8100
9180
8340
7560
7860
8040
7080
9240
8460
8340
8100
8280
8460
8880
7380
7800
9060
9120
8220
8820
8100
8160
8520
7440
8700
8100
8460
7620
8400
8580
9240
8940
9480
8220
7920
7560
8280
7020
9000
7860
9360
9480
8760
8700
8040
8820
6960
8520
9120
8340
9120
9180
8220
9180
8280
7920
8100
8280
7740
7920
8340
8820
9120
8160
9420
8700
8700
8460
10260
7860
7380
7920
9360
8400
9000
8880
9120
10320
7980
7860
8100
7500
9360
8460
7800
8460
8460
8520
8580
7500
8340
7980
8880
8220
8220
8160
9000
8400
9300
8700
8400
9180
7500
8820
8940
9240
7380
9120
9480
7920
9600
8940
7140
9120
8400
8220
8820
8580
9480
8460
8280
9720
7380
8520
8280
8280
7620
8760
7020
8640
9720
9540
8700
7500
8040
7980
7620
7860
7800
8340
7860
7920
8580
9420
7680
8340
8640
7680
7860
8340
8280
8880
8280
7740
8760
8340
9480
10020
7740
8760
8340
9120
8160
10260
8880
8760
8940
8760
8100
8040
7080
7680
8580
8040
7980
9600
8700
8760
8280
7800
7980
7620
9900
7380
8340
8940
9780
8520
7800
7380
9900
8700
9000
9300
8160
8940
8640
8820
8400
8160
9360
8760
8520
8100
7680
9120
9360
8100
8220
8340
7980
8220
8160
7140
9120
8940
8160
8580
7860
8280
9120
8340
8460
8880
9840
9720
8520
8220
8820
9240
8580
8460
8100
7860
10380
9060
9300
7140
9300
9060
9240
9720
9240
8400
8640
8340
8400
7620
8400
7260
8460
8520
8040
8160
7380
9180
7140
9000
8160
6720
9180
7020
8220
9360
7560
7920
6480
8820
8100
8880
8460
8100
7560
10140
9780
8520
7860
9060
9780
8760
8460
8400
7740
8280
8580
8040
8280
8640
9120
8760
8520
8160
7140
8940
7500
7740
9540
8340
7320
8280
8340
8700
8100
8340
7380
9660
9000
8220
9660
8280
8460
8400
9420
8400
7560
8400
8700
8160
9060
8460
9300
8280
9720
8880
5760
8220
8400
7680
8340
9480
8580
7500
8340
7500
8220
8280
9540
6660
9240
9720
8520
7740
8340
7200
9540
8220
8400
7560
7500
8460
8700
7260
7860
9300
8880
8340
9300
7560
8460
7680
8340
8340
8940
8100
8280
8940
9480
8880
8520
8040
7320
10260
8940
8160
9180
8400
7500
9000
9120
8400
7680
9180
8880
8400
8700
7620
8580
9480
9240
8400
7920
8700
7560
7740
7320
7380
8880
8340
8040
9240
8880
7500
6720
7140
9300
8640
7860
9180
8100
7980
8340
8400
9300
7620
9480
8640
9960
8640
8160
7980
8640
9720
9120
8880
7980
7920
8820
8220
8280
7440
7920
7860
10020
8220
7680
8100
8640
7500
7380
8340
9000
8580
7260
8160
7080
8760
8520
8700
8820
8460
8580
9960
9240
9420
8220
8580
9540
8940
7620
7860
9600
7800
9240
8160
8280
8160
7920
8958
8340
8400
7920
7680
8580
8580
9060
7680
8100
7260
7800
8460
7800
8760
7500
9000
8880
9240
8880
6900
7740
7620
9780
9480
8220
8040
7860
9060
8940
8820
8280
7680
8220
8400
9900
7620
8040
8460
8820
8700
7800
9120
7500
7560
8460
8220
8100
8160
8460
8040
8400
8940
7680
8880
9900
8460
8700
8280
8160
8280
7680
8100
8820
8160
10200
9300
7980
8040
8340
8700
8520
6960
7860
8760
8580
8820
7860
9240
9060
8280
8280
8520
8520
8040
8880
8820
7320
8460
8580
9840
8520
7680
9300
8880
9180
6900
9180
8700
9180
8160
8340
8940
8040
9000
7740
7200
8640
8520
8400
8760
8760
7860
8280
7560
9060
7740
8520
8820
7740
8280
8520
8640
8400
9840
7740
8160
8100
8580
7320
8580
8400
9180
9060
8820
8280
8280
9060
8220
8100
9060
9600
8580
9120
8820
8760
7440
8280
7800
8760
8160
8160
7380
9180
8040
8640
8820
9000
7740
7440
6540
9180
7500
8460
8400
9000
8700
9120
8880
8940
8700
8340
8760
8040
9900
8940
8340
8460
9000
9060
8820
8460
7440
8700
8820
9540
8040
8820
8640
7980
8940
7920
8340
7080
8100
8340
8460
8040
10320
7740
8880
9060
8940
7740
6900
8580
9420
7980
9540
8580
8760
7260
8700
7860
9300
6840
10020
9900
8760
7380
7980
8580
6720
9420
7620
8340
8160
9060
8460
8880
7680
8280
7380
8640
7620
9060
8640
8400
7680
8340
8100
8160
8640
8340
8040
9240
9840
9540
7560
9120
8820
8580
9000
8760
7860
7320
8340
8400
7380
8580
9540
9360
7920
9780
8940
7260
8040
8760
9300
8520
8700
8400
8520
8040
7620
7800
8460
8220
10560
8400
8940
7740
10320
6360
8220
9360
8100
9060
8580
8040
8040
9000
7620
9540
8640
7920
8460
8340
7680
7860
8280
9180
7680
8940
9240
9360
8820
7440
7920
8640
8340
9720
8340
9480
7740
9480
9180
7560
8100
9180
8400
9120
7920
9000
8940
7860
8220
8700
8220
9900
8160
9000
8040
9300
8820
6960
8700
9840
9720
7740
9000
8340
9180
7920
8100
7260
8640
7980
9000
8460
7440
8760
8700
7740
8520
8160
8460
9480
8520
7800
8340
7980
10140
8580
7920
7920
7800
9180
8700
8760
8220
8460
8400
10200
8340
9240
7680
8700
7560
7080
8580
7860
8400
8640
8760
9120
6720
8820
9480
7080
8460
7500
8100
8940
8760
9360
7620
7260
9180
8700
9000
8160
8820
8100
8520
8820
8280
8580
9300
8160
8520
9120
8580
8880
8280
8880
8220
9900
8400
7260
8580
9900
7200
8160
8220
7320
9300
8400
8220
6960
9300
9240
8520
7800
7260
6840
8100
7920
7800
7620
9660
9780
8760
8400
8100
8460
8940
7800
8340
9240
9120
9060
8160
7980
7080
7920
7500
7440
8340
10740
10200
8940
7200
8880
8940
9120
8400
6960
7560
8580
9360
9000
7920
8580
9720
9180
8880
7500
8880
8820
7860
8580
8340
9060
8880
8220
8400
9000
6840
7440
7380
9780
8340
9000
8160
8700
9240
9180
8880
9240
7200
7560
7800
8880
7980
7860
8820
9600
9660
9060
7200
8760
7800
8040
8520
8640
8460
8160
10200
8520
8340
8580
8820
8280
9300
8100
6780
9360
9060
7680
7860
8820
9600
8460
8940
7680
8220
8400
8040
8700
8520
8700
8400
8760
7800
7260
9420
7620
7620
8520
7860
8520
8040
9300
9120
8280
9300
8160
8520
9240
8160
8880
8280
9360
8160
8220
8880
8460
6840
8880
8880
8700
8580
8880
8760
7860
8760
9900
7440
7800
8820
7860
8400
7440
9300
8100
8820
9360
7920
8400
8640
9300
8460
8280
9600
8700
9720
7920
8820
8040
7380
10020
9300
7200
9000
8940
8400
7560
8640
7440
8700
8820
7020
8940
8580
8400
7560
8580
7800
8820
9120
8460
7260
7920
8940
9060
9420
7980
8340
8580
7740
8400
8640
7380
9120
7620
8700
9300
8340
7260
7680
8040
7140
8160
8220
9120
10080
8520
8820
7020
8460
9960
7620
8700
7860
8100
7380
10680
9600
8760
8340
9120
7320
8220
8280
7800
8400
10200
9000
9240
10860
8820
7320
8460
7920
7980
7920
9660
11460
10080
8940
8820
8820
8400
8820
7680
8640
7980
6540
8040
9840
7320
8160
9180
8460
8340
8880
8640
6960
7800
8160
7980
9360
9480
8040
8100
8040
8100
7320
7860
8940
10500
9960
9480
8280
10020
9060
8220
8760
8880
7680
8100
9540
8940
8820
8820
9300
7440
8760
7920
7920
7020
7740
7560
8100
8700
10200
9120
7080
8760
8280
7920
9300
8640
9060
7680
8640
9060
8220
7260
9780
8700
8160
8460
9240
9120
9300
8040
9180
8700
9360
9360
7500
7800
7920
7800
8040
7740
8760
7980
8040
9480
7320
7740
7980
8160
7260
7560
8100
9420
8940
9240
7740
8100
9000
8220
8220
8220
10380
8640
9060
7980
9300
9420
8580
9600
8940
9060
8400
9120
7680
8640
8580
8460
9060
8460
9420
7920
7440
9120
8580
8280
8820
7320
9120
7800
8880
6720
8100
8880
9180
8760
8520
8880
8820
8640
8040
9360
8100
9360
9180
9120
8880
8160
8280
8100
8340
8760
9360
9600
7680
8280
8220
8580
8400
7320
8700
8820
7920
9060
8220
7440
7920
7860
9120
7620
8280
9000
8340
8940
8520
8880
7860
9180
9840
9900
8160
7920
8400
8700
9000
9360
8520
7320
8220
9180
9180
9180
7560
9180
7620
8820
8640
8880
8880
7440
7560
8820
8100
7440
8160
7740
8940
9000
8760
8700
8100
9780
8280
8340
8580
9000
8460
8820
8820
7980
7620
8580
7800
8940
8580
9180
8040
8700
9840
8760
8700
8160
8640
7860
8580
8340
7680
8580
9480
7680
8580
8820
7620
9360
7620
8820
8820
8640
8580
8220
7740
8160
9540
9120
7140
8040
9900
9360
7260
7980
7860
8760
8340
7440
8520
8400
7920
8160
7920
7260
8640
8760
8940
8040
9180
7980
7980
10440
7620
8100
9300
8160
7860
8280
8940
8460
9900
8280
8760
9480
8400
8700
7980
8220
8760
7620
8820
7500
9480
8340
8100
8280
8580
6780
8220
9600
9480
8760
8880
8640
9480
7860
8820
8280
8880
8820
8460
8100
8640
8040
8340
8100
7980
9180
8580
8700
8460
7200
8220
7320
7560
9120
8280
8520
8820
6660
9720
8700
7560
7980
9120
7560
9420
9000
8700
8820
7980
7620
9600
7800
9660
8100
8700
9720
9300
8400
8100
7980
8880
7920
8280
