0
0
0
0
0
0
0
0
0
0
0
0
0
0
0
0
0
0
0
0
0
0
0
0
0
0
0
134232
1543294
2125723
3085782
3005919
2281855
2467560
2423745
2597664
2663893
2658421
2237176
2442215
2822038
2868669
2324556
2490241
2675336
2830042
2547431
2928838
2340000
2872389
2729712
2774714
2668624
2298245
2715112
2440104
2520958
2533676
2227334
2666873
2008114
966366
1279887
1594943
1546680
1668342
1397409
1821425
2193907
1949972
2245063
1949387
2005131
2077899
2043945
1952721
2153008
2421641
2212073
2318708
2373140
2375367
2607917
2159114
2233617
2304609
2335116
2281527
2112060
2385767
2314031
2273481
2363341
2004582
1785348
1676998
1684365
1764756
1691824
1608986
1575634
1946258
1609956
1909716
1747665
1973204
2050564
2028814
2159467
2179623
2072144
2473574
2320975
2549159
2215268
2602082
2601558
2692241
2552341
2495599
2468512
2372836
2735529
2921856
2774867
2907170
2962439
2498195
2277378
2110064
2303786
1980314
2073660
2313036
2302118
2303694
2182995
2148856
1627972
2195835
2080074
1950731
1672687
1989746
2165034
2160586
2120064
2298695
1845197
2127655
2324712
2488975
2178462
2321612
2162060
2298125
2377358
2530328
2480547
2278538
2583837
2308911
2196540
2492549
2283108
2035421
2344685
2389917
2397484
2147014
2059808
2321908
2307749
2191029
2235873
2001878
1906867
1865335
2397596
2261496
2007698
2014883
2128914
2199780
2254981
2343473
1959575
1884459
2090263
2221527
2261553
2422694
1845601
2208662
2235896
2063230
2151195
1934127
1902691
2250987
2190166
2451146
2103983
2132003
2276370
2264773
2255954
2332429
1979808
2293207
1620964
2366484
2244843
2167119
2223178
2279691
2208064
2274453
1867632
1749729
1983573
2016176
2519329
2228376
1925320
1845531
1831596
2151148
2087212
2293699
2010530
2115226
2326480
1819984
2062412
2297764
2086867
2090872
2041066
2276135
2235525
1810683
2132691
2312705
2340854
2066617
2315657
2108328
1994506
2156968
2132601
1999320
2126396
2139327
2412330
2253275
2177900
2074311
1808476
2005044
2182467
2267840
2282177
2053895
2229324
2193942
2223858
1955192
1793851
1801027
2038254
2331171
2122328
2476853
1903053
1913778
2217445
2092949
2086607
2123377
2091764
1870160
2316014
2053279
2026868
2537183
2118217
2192432
2406370
2098893
2119364
1962176
2189551
1932758
1927940
2116646
2143992
1876934
2022822
2027304
1838522
1823574
2190579
2245065
2481549
2202057
2152306
2043802
2283686
2224033
2079620
2100620
1701260
2227085
2076130
2174377
2310692
2314710
2429123
1902651
2199938
2110955
2133220
2386341
1922091
2183967
1923520
1681550
2175865
1824742
2207983
1874080
1971233
1919148
1774120
2116117
2046931
2392388
2186688
2139539
2127487
2755797
2177269
1992516
2017006
1873086
2166668
1842064
2025127
1995152
2493923
2439521
1920582
2045046
2106392
1952533
2509226
2026435
1944018
2257815
1995208
2039659
1856726
2074231
2323838
1926073
2290296
2016014
1952692
1915178
2187434
2113971
2108924
1883212
2236620
2055452
2084284
1807145
1952087
2293014
2018642
2001835
2037665
2099039
2405265
2044550
2364346
2021577
2159895
2269428
2086945
1982758
2365542
1826074
2101696
1902907
1712314
2304323
2188469
1939128
2005220
1890222
2119182
2190468
2026685
2165228
1751573
2182951
1909221
2210086
2084161
2052810
1829113
1678338
1909251
1875720
1947269
2425261
2119945
2394226
2433165
2281421
2093597
2197521
2215864
2127403
1925681
2367563
1991403
2136280
2349144
2106244
1760740
2265731
1958198
2098079
1910956
1799363
1834300
1881213
2079786
1897105
2048170
2126840
1813491
2155715
1777090
1671347
2156182
1976714
2307646
2288450
2042997
2151641
2192242
1623720
2046378
2013922
1941528
1926714
2403102
2161664
2255530
2294814
1979885
2159838
2126973
2185160
2133734
2382606
1879038
2202121
2031671
2026089
1930487
1846198
2203581
1864385
2125966
1886464
2315633
2070959
1945316
2075753
2124267
1898381
2128934
1961663
2413573
1783288
2312893
2084672
1761782
2252708
1811333
2037138
2110506
2181349
2127148
2160577
2368605
2058843
2274752
2295565
2361606
1991094
2195682
1800482
2042952
1870300
2379379
2210781
2216117
2357890
2121364
2148541
2056119
2312726
1605580
1954385
2127907
2344056
2044626
2136241
1927012
1654561
2180940
2293182
1594910
2047080
2070023
2009606
1958259
2189244
2097935
1925202
1990469
2228549
2396827
2154500
2197524
1878395
2021349
2044141
1992350
2101085
2292591
2179641
2030768
2578386
2018527
2253115
1938794
2028556
2061043
1904728
2226711
2295198
1921868
2070676
2226530
2011526
2006965
1895669
2033791
1925325
2028434
2062136
1666896
2013246
1912260
2146817
2116075
2055580
2146780
1973324
2300363
2154986
1822784
2208777
2267063
2074671
2333798
2365957
2182761
2231011
2116287
2512684
1803805
2104232
2367019
1963657
2384060
2099190
2253135
2392256
2190740
2005376
1738708
2388983
1963184
1749178
1979134
2197510
2182011
2125139
1959268
2105255
1918628
2316468
1768121
1940205
2470001
1894623
2149069
2331947
1921870
2330012
1957141
2216927
2064007
2158022
2027309
2198494
2352161
2247215
2343663
2031823
2025456
2153875
1923470
1924456
1858296
1874539
2197919
2022091
2304998
1988808
1788973
2124792
2247948
1960369
2227715
1823298
2031367
2274076
2106424
1970671
2276518
2050342
2087430
2177170
2641483
1749122
2193701
2380742
2081039
2079979
2401218
2034288
2076199
2192526
1918968
2116268
2271028
2124662
1912025
2114881
2188384
2069459
2138379
1746436
1974552
2319038
2537758
2026152
1787587
1616961
1699034
2190677
2040966
2205902
1742360
1967542
1965797
2582518
1855224
1943977
1832605
2004392
2253972
2471411
1681068
1799307
2258280
2015326
1921560
2090155
1898502
2209217
2201020
2055393
1950985
2197587
2062044
1849562
1995979
2110197
2192025
2370834
1944129
2477809
1835933
1912264
1960876
1828342
1932629
2094444
1987891
1983297
1918458
1948985
1878669
2118072
2150299
2258056
2104509
2200268
2146371
2044391
1795963
1990822
2109447
2306583
1761623
1870106
1673493
2227088
2242141
2188041
1992016
1741403
1931010
2027219
2174273
2289247
2222381
1826821
1747947
1843260
1996011
2338324
2115420
2135879
2165436
2284696
2118778
1514975
2171242
2554789
1800223
2255278
2198978
2109397
2027302
2169535
1853554
2315145
1824596
2212310
1993232
2050948
2153207
2205275
1862211
2258004
1854346
1959453
2306098
2095410
1994158
2018448
2055790
2018109
2103018
1965972
2436337
1998291
2199628
1934635
2041576
2006383
1753877
2200476
2524174
2096697
2063831
2031891
2023308
2069685
1968348
2151842
2219969
1988934
2161297
2127137
2287301
2247394
2210646
1798149
2129868
2141940
2136278
1997176
1798815
2061526
2163094
2268797
2191692
1826845
2214538
1851495
2094079
1963969
1893015
2099653
1699477
2468162
1940308
2147235
1989403
2352704
2190160
2109736
2535223
2009428
2320336
2158530
1945514
1929145
2147827
2052269
2195814
1991267
2254610
2493859
2081062
2215000
1751482
1727044
1948091
2202927
2010893
2121801
2284788
2082479
2046020
1976225
2019162
1690576
2214804
1911182
1853952
1907608
2269292
2082049
2356972
2293058
2071281
2236175
2277897
1919296
1859983
2177158
1919965
2252190
2281285
2183499
2121076
2160655
2141976
1986859
1906087
2330640
2044223
2209624
2070870
2163149
2264881
2027665
2077755
2039886
2056858
2382473
2057619
1638135
2249009
2186765
1909056
2005910
1976328
2140275
2147023
2046377
1693289
2128227
2363428
2332284
2206976
2016476
2041962
1738037
2006238
2285511
1807682
1940495
2155162
2139990
2155351
2157883
2277890
2076118
2191625
2111083
2016734
2128223
1991073
2437109
1872794
2107790
2223173
1959678
2164777
2062477
2087971
2223959
2164833
2079714
2388406
1636294
1934757
2090486
2308571
1578396
1797089
2075914
1580466
2020851
2075188
2012676
2058742
1924169
2095942
2309144
1860360
1976996
1922630
2056395
2398070
1687281
2266432
2139632
2474854
2119854
1676311
1774897
2125610
2264416
2050373
2337352
1989781
1961018
2171590
2096914
1930029
1962294
2253111
1916939
2090532
1979977
2302447
2191593
2172087
2248188
1755725
2035964
2456889
1729136
2037028
2350370
2161837
2139938
2129733
2103363
2228065
2226129
2207425
2039905
2426630
1980247
2239269
2173552
2076047
2109693
2196572
1890378
2447451
2154144
1784551
1840880
2143597
1710897
2254724
1837903
2019385
2232739
2080043
1943288
2047992
2093777
2164963
1968844
1832488
1859945
2051737
2070006
1925495
1991943
2245618
2086613
2072126
2160953
2117486
2077084
2597735
2434555
2073006
2068960
2232626
2483730
2050799
1800868
1897682
1631829
1920699
2595718
1906890
1819044
2068440
2484062
2027317
2133663
2235230
2159067
2073456
2127869
2185228
1936094
1746926
1879428
2169936
2164263
2020696
1872180
1858792
2159406
2190645
2213410
2003357
2158585
2043724
2293453
2146237
1848535
1527211
2113380
1921154
2234693
2355698
1926247
1927082
2193602
2020164
2239805
2158533
2294791
2034353
2033333
1796914
2329947
2330692
2183206
2063285
2122298
2242571
1977970
1982516
2215349
2263116
2178263
2200863
2143686
1578989
2145986
2042878
2266912
2279135
1967139
1800837
2464035
1839736
1983176
1930625
2251369
2054289
2267392
2025897
1811221
1786935
1918477
1916656
2523960
1546897
2605278
1903564
2016316
1984738
1665511
2145016
2271579
1848067
2102616
2259894
1988052
2447102
2176808
2091767
2150789
2301484
1953638
2319574
1989142
2151848
2163211
2049509
2010027
2095875
1894332
2346222
2087361
2025771
2150224
2163469
2105511
1905887
1994166
2130431
1760192
2290439
1904917
1807791
2124115
2119794
1931379
2296101
2196835
2335489
2295468
2125992
2208815
1723152
2314656
1932564
2328515
2468432
2169805
2023196
2264118
2169180
2006195
2055342
2086423
2305692
2141374
2324288
1825950
2253334
2312266
2024423
2086740
1702602
1965132
1916273
2448817
2060405
1968976
1913097
2218552
1721289
2262322
2162152
1651990
1978379
1985924
2117405
1989858
1995258
2310448
2225796
1549061
1950802
1980404
2153377
1830671
2191686
2127158
2099282
2308832
2067218
2093707
2143901
1989528
2385147
1901987
1679874
1579300
1988151
2164312
2180605
2137666
1797170
2383660
2119067
2378852
1876761
2073734
2075246
2062963
2042947
1889536
1829375
2211118
1979414
2058147
1688925
2226578
1744553
1975034
2428769
1770932
1964466
2149316
2328835
2037549
2214467
2262273
1967932
2281484
2165711
1850271
2023625
2175179
2447031
2470555
1950941
2027183
2141872
2089616
2220411
2057968
2241608
1833956
2037854
2039917
2370478
2026842
2307542
2152685
2090754
1779866
2244192
2212013
1955172
1839303
2012283
1974092
2436839
2197110
2298457
2049170
2291644
2013417
1859638
2140094
1986890
2245619
2064294
2218758
1875022
2258323
2150600
2153367
1642811
2036956
2288147
2185221
1797619
2035108
2364740
2020422
2286197
1766502
2081530
1854152
2309716
1821691
1882270
1901334
2336204
1901676
2141867
2209386
1663304
2175087
2187528
2167163
2167009
1853517
2292045
1913486
2279058
2016617
2126612
1594046
2072870
2042066
2212978
2155221
2339091
2105792
2384808
2315217
2021960
2304417
2212194
2189143
1677906
2080412
1967481
1869661
2131848
2145338
2020482
2363877
1986493
2210066
1936864
2472258
1880046
2223704
2000531
1923381
1951306
1863958
2311593
2255090
2110956
2250343
1787079
2146344
2475135
2051971
1913740
2002285
2346662
1972143
2077981
2256165
2161845
1844082
1908256
1811955
2379403
2062777
1981055
1760876
2332686
1932332
2346163
2262314
2158403
1923114
2122681
1930318
2104396
1893080
1841927
2019015
2199402
2037306
2150365
1588533
2483316
2249993
1985922
1984475
2123895
2135667
2143522
2533230
1729726
2069769
2086258
2035730
2248766
1982600
2105584
1932241
2402192
2177057
1924482
2026111
2198931
2223737
1669931
1702467
2102184
2032003
1858428
2440673
2037219
2206281
2093312
2015633
1782349
2231154
1933074
2157665
2069147
2044060
1989911
2345641
1895982
2004489
1882436
2464553
2307092
2163001
2035403
1910822
1974207
1972547
2323011
2181959
2260496
2159371
2366046
2147078
2007467
2088479
2462917
1871994
1917783
2091717
2246120
2130453
1894271
2337502
1895277
2012308
2130247
2321224
2096021
1977175
2648745
2130839
2350103
2186553
1896688
2105882
2140727
1798376
1523023
1930875
2355706
2216461
2221024
1992630
2397989
1916442
1705857
2463757
2071570
2008995
2238416
1987939
2244688
2131597
2398762
2076580
2096461
1908700
2147214
2168937
2227810
2250746
1948840
2394772
2095380
2152124
1955525
2216089
2042050
2257070
1945677
1990503
1879898
2041228
2391468
2307888
2271369
1943144
2074853
2257588
2112188
1886060
2015176
1925975
2488803
2359096
1938576
2117495
1919775
1993135
1723693
2213362
1906518
1994814
2329459
2199202
2100079
2164003
2016508
1702800
2214630
1963499
1827136
1585017
1936683
2199581
2162461
1985789
2373171
1932707
2321017
2153080
2225905
2225621
2108050
2338050
2333451
2123091
1777641
1992303
1964394
1742531
2281520
2220975
2234673
1991188
1896815
1846429
2417317
2003620
1955969
2314227
2370030
2306398
2028162
2069672
2327369
1702928
1951408
2294831
2057752
2052632
2127248
2038838
2095790
1865300
2331608
2070536
1893400
2075908
1905508
2019101
1809852
2117005
2096190
2148682
1959088
2110674
1963161
2052705
2288631
1948728
2019495
2064238
2039378
2193807
2033968
2034017
2226666
1927879
1866488
1982056
1833995
2529774
2076006
2013074
2048190
2165201
1988376
1883762
2036787
1850814
2377806
2183118
2096664
2120755
2088145
1989643
1925210
1943542
2065422
2032780
2374475
2389096
1998374
2104037
2012557
1950093
2095059
2040300
2184317
2242821
2294681
2144502
1938867
2161041
1935165
2236279
2048129
2011561
2077498
1981406
2048123
1883998
1856397
1859275
2205079
2366033
1820625
2147942
1972145
2073172
2363796
1969239
1965820
2337491
2335030
2337022
2103720
1987479
2040080
2157293
2262860
2210442
2058346
2361616
2104324
2102503
2027660
2085753
2309830
1793448
2067970
2052831
1959646
2255298
2131538
1843864
2045234
2083023
2191578
2058534
2100008
1953854
1928175
2356200
2119867
1867185
2341923
2372596
2115180
1937050
1985321
1877588
2329415
1869487
1841778
2190814
2418080
2046439
2136187
2039088
2169001
2172026
2404132
2169431
1984159
2286122
1982741
2100283
2111975
2236187
1938140
2178270
2220384
2065506
1870076
2272000
2239794
2008103
1926856
2251004
2134447
2017230
2092405
1797453
2195359
2008055
2064664
1897396
2202831
2088286
1731554
2338316
2153853
1913957
2062151
2370478
2084949
2075227
2319855
2100101
2140685
2221806
1985024
1888981
1937987
2122993
2003557
2205646
2151436
2310924
1714158
2581153
2135924
2239900
1720289
1873635
2075355
2071677
2001094
2333503
1648567
1985075
1874969
2009414
1950942
1677208
2041459
2094846
1668663
2354033
2233213
2444320
2259385
1952699
2342140
2196593
2022837
2141222
1695707
1946579
2272593
2203515
1926257
2077605
2199327
1944763
2179137
2193358
1859691
1992754
2194518
1830747
2094739
1910579
2160248
1993750
2145920
2055271
1913845
1987405
2256611
2165361
2130386
2192645
1897670
2092053
1776735
2117534
2014255
2218220
2405842
2306596
1964066
2255927
2029357
2222087
2060328
1845792
2283047
2507959
1831664
1777271
2204387
2294383
1925599
2269775
2073331
2186683
2300435
2224088
2213031
1848490
2231332
2180892
1950072
1938564
1864533
2236571
2030644
2010614
2009782
2129897
1931244
2003065
2027599
2122926
2295818
2057720
2145681
2374874
2115874
2161831
2330230
1947932
2189858
2383191
2063020
1875622
2368718
2305719
2022783
1811964
2224828
2176134
1949271
2115391
1897879
2097279
2019546
2122743
2447154
1954248
1846845
2521571
1957381
2045735
1974011
1819296
2184617
2327285
1966818
1868158
1927936
2475758
2108930
2436817
1924956
2104381
1978181
1952112
2517223
2229231
2470367
2270390
2245366
1944248
1775296
2250912
1985037
1974822
1793782
2027032
2082292
1997216
2132890
2018127
2343455
2196268
2038558
1941870
2043793
1941772
2198605
1897113
2043932
2331864
2087325
2022592
2258024
1864474
1717381
2097272
2124590
2295524
2066414
2241160
2224832
2185693
2085022
1759761
1703387
2110147
2034680
2361820
2292787
2103600
1951154
2320782
2068870
2009560
2026800
2197939
1772108
1762608
2281789
2140380
1822886
2217832
1895620
2022550
2030709
2067613
1757480
1870776
2203997
2155447
1980400
2164065
1888767
2068938
2693604
2082314
2338077
1987563
2002194
2219720
2249872
1746416
2308298
2160070
2243141
2274054
2199385
2039905
2201085
1968756
2049234
2328319
2026924
2313014
1870721
2368769
2243631
2077021
2035859
1728725
2157523
1928450
1921109
1761472
2167218
2213924
2420672
2299516
1764165
1839297
2039705
1975822
2554954
1851389
1955516
1643702
2231701
2134752
1933249
2125248
1996785
2211846
1969280
2097331
2029205
2007401
2395038
2074352
2002879
2468016
2229415
1889225
2333911
2074581
2068216
1813784
1730003
2064800
2280569
2032466
2264520
2050813
2182574
2542988
1859167
2393991
2301639
1796025
2001775
2164243
2059717
2381097
2040083
2255970
2145171
1825401
2389890
2045008
2226438
2173257
2036133
2163686
2184138
1828277
2176734
1790581
1692570
1886699
1962360
2432037
2035618
1925133
2211654
1971752
2316648
1699457
1998217
1541906
2115943
2071437
1839844
2095433
2063899
2397013
2352873
2073837
2100508
1872905
2087969
1741849
2078070
2007722
2260344
2180543
2483260
1921611
1754887
2260059
2052087
2072156
2151093
2330843
2082638
2185616
1988895
1992689
1952864
1843033
1827931
2005026
1759093
1926104
2007972
2213891
2271164
2488881
2181349
2057141
1793053
1977898
2306514
2042195
2006077
2286663
2352941
1871081
2116447
2099589
2031487
2035419
2395045
1930907
2185645
2207087
2298109
2235902
2130348
1876710
2070163
1823447
2347239
2072993
1939897
2209978
1908858
2414899
2017719
2042632
2182493
2334114
2395703
2018062
2038326
2345986
2099883
1909168
1957692
1959823
1851134
2331201
2107986
1943591
2211470
2459852
1904259
1923060
2058862
2230425
2004720
2005659
2373283
2220698
2026833
2333779
1777676
2118318
2265935
1997479
2083511
2246785
1810477
2231054
2101879
2295624
1908264
2075128
2273920
2105065
1873014
1929292
2017045
2024251
2229795
2096231
1883763
2306420
2242423
2099687
1866835
2094075
1801429
2467403
2210140
2186624
2123448
2187847
2031300
2232685
2033967
2117487
2101114
2046210
1964823
2024326
1856986
2090045
2033382
2382138
2184222
2221857
2360551
2054001
2216381
1881049
2336935
2202975
1903302
2220987
2302784
2340741
2288652
2165279
1695471
1706010
2301311
2250444
2004397
2480329
2183594
2139663
1757975
2015086
2155015
1921044
1997929
1907899
2225617
2415029
2098462
1816201
2724955
2193063
2084877
2130306
2025932
2341445
2017128
2025106
2026899
1834089
1949072
2339117
1856158
2233519
1888368
1819700
2227132
2156935
2277570
1646895
2304252
2143271
2071058
2500766
1792656
1953224
2277454
2140083
1950196
2145501
1939945
2416124
2199024
2135899
2236369
1954586
1906810
2112109
2738792
2108563
2361134
2075997
2160875
1674005
2461493
1822207
2156726
2445767
2088335
2108699
2013998
2229887
2227654
2072024
2264388
1858857
1983087
2291527
2010582
2143530
2078321
2246777
2316467
1832676
2333565
2284883
1872443
2344105
1936526
2016150
1755533
2338425
2345628
1922050
2073292
1902247
1637830
2102772
2255867
2103672
2018182
1789296
2182173
2088371
1807130
1867241
1907906
2033210
2003525
2032843
1868255
2040392
2149969
1886950
2212223
2326277
1971220
1946418
2282231
2168429
2068217
2412589
2315161
1946904
2154558
2305589
1845407
1986259
2064419
1809769
1972107
1976428
2187931
2061686
2212037
2263911
2295287
2237041
1821580
1801459
2001213
2039553
2199779
2082985
2244571
2023267
2148863
2323952
2129158
2218451
2143367
1967723
2020368
2151494
2306430
2153619
2108390
2106627
2069421
2357180
2139996
2115790
1729638
2183488
2384832
2302973
2102135
1907133
2123073
1956780
2348300
2283753
1858490
1883773
2271883
2132647
2184413
2116008
2249120
2051333
1830600
2028273
2143791
2217370
2008739
2142572
2032862
2086647
2110138
2324094
2104565
2244615
2219489
2092018
2458042
1816776
2237716
2065229
1799036
2018575
2353576
1981085
2748901
1925728
1976303
1786979
2063244
2356595
1784109
2285603
2133910
2192471
1969083
2226595
2162510
2119328
2001054
1977598
2073985
1812378
1742307
2527253
1691576
2077762
2038444
2225749
1904246
2258432
2049834
2248972
1980598
1981555
2254300
2158713
2251856
2474481
2042599
1987770
1742909
2103661
1834139
2090832
2096792
2548631
2310161
2494012
1924737
2165130
1939265
1927288
2038780
2133470
2095518
2031144
1859115
2217379
1835763
2081385
2189327
2246125
2191366
2492244
2242261
2038696
1937572
2251230
1851839
2365431
2266061
2158374
2135760
2214596
2003285
1892960
1825461
2069241
2169856
2256989
1947722
1966959
2152972
1915100
2190745
1862008
1822920
2115775
2062760
2139738
2124786
2027823
2265236
1971009
2312939
2152996
1821618
1949314
2070117
2382859
2315975
2320996
2377314
2187848
2027698
2351853
2034214
1880888
1983478
1776209
2105614
2277996
2236051
2398809
2269652
2090137
2122919
1898089
2129122
1969972
2030179
2305243
2027536
2022164
2376327
2324224
2144000
2402930
1917744
2195740
1826917
2388021
2099423
2275789
2557248
1887142
1891470
2443576
1650124
1888292
1868127
1632849
1898564
2434525
2337860
2092643
2000758
2137095
2335516
1704443
1838228
1954840
1880775
2270939
2131221
2257056
1856127
2568193
1900758
2059773
1898522
2365488
1958350
2334159
2422711
2278776
2050564
2070607
2271299
2038431
2245621
2049786
2002516
2083512
1958225
1949373
1929006
2196611
2434876
1882981
2348316
1895519
2061785
1846652
2148744
2089660
1839365
2209525
2264260
1890712
2342457
2181494
2140498
2294214
2368253
2444575
2124082
2362424
2062863
2576739
2158042
2204995
2012632
2238748
2059764
1798813
2222917
2186304
1938400
1911831
2062671
2320719
2163159
2050590
1797638
2111828
2058010
2219860
1893284
1977569
2180867
2388524
2261347
1997701
2031937
1738119
2145059
2300015
2538484
2319103
2056568
1656480
2248499
2034776
2326703
2379781
2328502
2225239
2024661
2054659
2349170
1800479
1650842
1879239
2055030
2247490
2086563
2137789
2162411
2030770
2117213
2025669
2223450
2079530
2410415
2090679
2128706
1888683
1972335
1999490
2344087
2188595
2005941
2015242
2414202
2200939
1982613
2030592
2086442
2023711
1959666
2261061
2292761
2145283
2077763
1924878
2154700
1880612
2568863
2388546
2083644
2273817
2346287
1807071
2282450
2284753
2268978
2236694
1876413
2184703
2396325
2078743
1943810
2248097
1874010
2211053
2024854
2126180
2139647
1993351
2015711
2040145
2005151
1696365
1998329
1954470
1799680
2304559
2118278
2258122
2067907
2182256
2317833
2517035
2310580
1936596
1643426
2147050
2397746
2035474
2262658
2044089
2101240
2109343
2455814
2046793
2128331
2046877
2246643
1839918
1968533
2204417
2003111
1846423
2132580
2245554
2075661
2202407
1958365
2097107
2156709
2221506
1961945
2276180
2134719
1960411
1990070
2013069
2073706
1834137
2173961
2438561
1910160
2105537
2297028
2410456
2057752
2220926
2568630
2052809
1760115
1998122
1781218
1849441
1985887
2389424
1862614
2112326
2489203
2192664
1740427
2117156
1788529
2176745
1979550
2019383
2194179
2069674
1633638
1913552
2360822
1849355
1685810
2709589
1957650
2028730
2243965
2345483
2110437
1862147
1935265
2099373
1788175
2095081
2573196
1979982
2067549
2104764
2229510
2037026
2337076
2136149
2053615
2079577
2022229
2008222
2107854
1933001
2175178
2070117
2159097
1961388
2106278
2211642
1820878
2031250
1795258
1877304
2244612
1962040
2241291
2096634
2203124
2113003
2376011
1839686
1979400
2185310
1946351
2313099
2607951
2183178
2180402
1957751
1940181
2361287
1844987
2029524
1878448
2568044
2296859
2038729
2297542
2290147
1930363
2131033
1952133
2224486
2137005
2159154
1981677
2415734
2127776
2196346
1904111
1743835
2342333
2099191
2059921
2330166
2223885
1907251
1862790
2145650
1819567
1896574
1991423
2222605
2239491
1875653
1621889
1973366
1999223
2144994
2404509
2276484
2174395
2085703
2371126
1944033
2037810
2097899
1875895
2233081
2301174
2054286
1668231
1996367
1907850
2356774
1977001
2079251
2202456
2238377
2185131
2291963
2254792
1927540
2326602
2001017
2506468
2080354
1945824
1946148
2000070
2331983
2119697
2075923
2080476
2376289
2306868
2072012
2177860
1794978
2438300
2061315
2026930
2189260
2160901
2049616
2038550
2098256
2131676
2013305
2253275
2047771
2367034
2026544
2069068
1938994
2071963
2354387
1979221
2159910
2083279
1947953
1525232
2255405
2210181
2099901
2004841
2439952
2220389
1939402
2096197
1693979
1692907
2400998
1980668
2163579
2032470
2122315
2194582
2037434
2422935
2133289
1871420
2553710
1942931
2120954
2290921
2251031
2035294
2043882
1850261
2000427
2522387
2088371
1869331
1814359
1983662
1928146
2262613
1892100
2136989
2138489
2065296
1710191
2077118
1663938
2128810
2055424
2103107
1828726
2145756
2316878
2223917
2003227
2054927
2146032
2022447
2161030
2088990
2221946
2299361
2065852
2371648
2106491
2119449
2281503
2366057
2228924
2246738
2131238
2238600
2006274
2289801
2133047
2174373
2319875
2004773
1856148
2228400
2033385
1880510
2090771
2078336
1674446
2196342
1712069
2122118
2219384
1946772
2032857
1979663
2164291
2140778
2384520
2100851
2079741
1691922
1883048
2224282
2278394
2111132
2648140
2255028
2380832
1772556
2206067
2099788
2152167
2257792
2031486
1984549
2142778
2032740
2241046
2076772
1951574
1935398
2192898
2379274
1995136
2259621
1835469
2193458
1795589
2345234
2330901
2174366
1677193
2116428
2299150
1910585
2171900
2420710
1888766
2343044
2186595
2115838
2173228
2263855
2137509
1936458
2288999
1984000
2107256
2105392
2130268
2501013
2027745
1778142
2128069
2085953
1939875
2166260
2340677
1749276
2334313
2100434
2037952
2298232
2212667
1869046
1878177
1886571
1935243
2080210
2168273
1865986
1838791
1982431
2457223
2063395
1923560
2161824
1576029
2212760
2061293
2000135
2237218
1993477
2468854
1974231
1939326
1727812
2079681
2464157
1905606
2191050
2424086
2167895
2394148
2478135
2027855
2073438
2142670
2150481
1990152
1878732
2207751
2083112
1995868
1988422
1814352
2064779
1901572
2073351
1960192
1973270
1728647
2324457
1987330
2142176
2041009
2257063
2123126
1968910
2302933
2103658
2299304
1987895
2108675
2333246
1849082
1980463
1969974
2413285
2284956
2150415
2211700
2349902
1993364
2020166
2020799
2039767
1883162
2264890
2116272
2400776
2048121
1753438
2103269
1648272
2056321
2020989
2445028
2180242
2130461
2813526
2160480
1692537
1868870
2227567
1745745
2321624
2228568
2258724
2213390
2227909
2276387
2412813
2071213
2024465
1994643
2659784
2007826
2026576
1960025
2114997
2221006
2283121
2250262
2429383
2117481
2273560
2039223
1605525
1979141
2293866
2082436
2545908
2333887
2094502
2209448
2210400
2157511
1954959
1771861
2258183
2515378
2257812
1928092
2316434
1966159
2181990
2189557
2116949
2012100
2202611
2048576
1604195
2007074
2328505
1899848
2440325
2233961
2134601
1878143
2163298
1924677
2095693
2183518
2151122
2163207
2454967
2176820
2211029
2371140
2050909
2044038
1747108
2181417
2185556
2344008
1771993
1974925
2151279
2205438
2217094
2051999
2003572
2108998
2050714
1822791
1949736
1826668
2312520
2207817
2118763
2098248
1880386
1681701
1918288
2051947
2455967
2065634
2495508
2292884
1934035
2137034
2048113
1943502
2011829
2000549
1998785
2212247
2456062
2507600
2018844
2126539
2156766
2225988
2279113
2019178
2331975
2035021
1985937
2263850
1778194
2065386
2121467
2440802
1965763
2389762
2071632
1798053
2039943
2138867
2009414
2041804
2339985
2395119
2062696
2264410
2086390
1805551
2073740
1839000
2019511
2412523
2071855
2416005
2256931
2327773
1884991
2030608
2117033
1780243
2200194
2167262
2288064
2029479
2478576
1891728
2213321
1753337
2272400
2059937
1960950
2147392
2219805
1975320
1860194
2045815
2287404
2211308
2495754
2042217
2033845
2161225
2096180
2135407
2004548
1901508
1966339
2376907
1961010
1902131
1895017
1890070
1912294
2215205
2134850
1908313
2325532
2316883
1971277
2003582
2005150
2191252
2332361
1820538
1973161
2598974
1860777
2259173
1948371
1952592
2406374
2356848
2021910
2012353
2067926
2069756
2165928
1973402
1900102
2385792
2473663
2291216
1876985
1786862
1910376
1760230
2100708
2168410
1841895
2329343
2172128
1817589
2016275
2323710
2040903
1918198
2020410
2037609
2329049
2356374
2137494
2213463
1841149
2390704
2037484
2096003
2180225
2106751
2135994
2249970
1954902
2047613
1969819
2222517
2334160
1968373
2344670
1852300
2110035
2509789
1870347
2077837
2333110
1823255
1925694
2268946
2260855
2150601
2117964
2256812
2037080
1938933
2478501
1993400
1929046
1909124
2215287
1930759
1927550
2262074
2165151
2185355
2384563
2059400
2019674
2069692
1793274
2397536
2199723
1901183
2266526
2169372
2022054
1628044
1932264
2092477
2073996
2150754
2013346
2407202
1953689
2077691
2052358
2004342
2039350
1995903
2331548
2373398
2112495
1932592
2042395
1985806
2087569
2116903
2058943
2491922
2166100
2036356
1969894
1947099
1934465
1947210
2261875
1978176
1891258
1927007
2165498
2147098
1939831
2010192
1853457
2025065
2524564
1855850
2267359
2034673
2012422
2003628
2195778
1733361
2220976
2310332
2217265
2017331
2293752
2273455
2186363
2351445
2208120
2269663
2650942
2099170
1930301
1939896
1845597
2109144
2068549
2253955
2373178
2120545
2049802
2009406
2168860
2358145
2085400
2271155
1951606
2077641
2045993
1911944
2108815
2170208
1989465
1990759
2053025
2167534
2328483
1989851
2302720
2114639
2048644
2049617
2267185
1859051
2202712
2150694
2161865
2020117
2115001
1903083
2102116
2485118
2173884
2092808
2104023
2241821
1929480
2328399
1701858
1932883
2023835
2303917
2074792
2177336
2158141
2278501
1923321
2042638
1780386
2390283
2101104
2257211
1956192
2216514
2102982
1791932
1940992
2119459
1979940
2416800
1890939
2079140
2151830
2269371
2042835
2262217
1838236
2200586
2296534
2177794
2220957
1794969
2301936
2032488
2089571
1951478
2311831
1834915
2412573
2177513
2103967
2056228
1785717
1980771
2089573
2164450
2237044
2151733
1949065
2051710
2189433
1921476
1891764
1979073
2292114
2326531
2385259
1918258
2168089
2281505
1856595
2379193
2387341
2149444
2134077
2052821
1962482
2177273
2158324
1842699
2315084
2115104
2254589
1978357
2028993
2180973
1999763
1905228
1985207
2188041
2089796
2122728
2163861
1798770
2134636
2095417
1971816
2014640
2064947
2305977
2261951
2159755
1773915
2111556
2518616
2245752
2074438
1972919
2004208
2373270
1884929
2154676
2031260
2339114
1897688
2254289
2016995
1970724
2606988
1835556
1793174
2036712
1976916
1777618
2274153
2295824
2102412
2251655
2036113
2177199
1994886
1779759
2255228
2538752
2208843
1982880
1907306
2188430
1800182
2207242
2229092
2176015
2394734
2249938
1987426
2065949
1959266
2084272
2302463
1821115
2016803
1999217
2130155
1779043
1833579
2191547
2107130
2155405
1987792
2583177
2050536
2052411
2343541
1909033
1799799
2207706
2438160
1919658
2446009
2168730
2236654
2195662
2440552
2182778
2205679
2131595
2130672
1990041
2206312
2380580
2067434
1864393
1782491
2481560
2280140
2093341
2193527
2120557
2451236
1814061
2060323
2016074
1971667
2055377
1749897
2126393
1938498
1909302
2193028
1867317
2370933
2078929
2367567
1953833
2015479
2173790
2071689
1792900
2002764
2353632
2021395
2126097
2554486
2110028
1799459
1805414
2651257
2211726
2077152
2059802
2402429
2014472
2320685
2318934
2090508
2028184
1841148
1876827
1996883
2036035
2436654
1954809
2141297
2305574
2196388
1837456
2003038
2390999
2273805
1921778
2041849
2072265
1967109
2347140
2271874
2298836
2369189
1701417
2645912
1949810
2132985
2535103
2556018
2125325
1943819
2183680
2071055
2069918
1871247
2171241
1960955
2264464
2222972
2037267
1958938
2045365
2340352
2093319
2019710
2090393
1984953
2214373
2283581
2065956
1941469
1910777
2303968
1823996
2095626
1924906
1897403
1841616
2427750
2169768
2079711
2352799
2518261
2179745
2089689
2540601
2227714
2048707
2071083
2326985
2208437
2474971
2154958
2056455
1870771
2178736
2348943
2120531
2374931
1985513
2272203
2004589
2249379
1963310
1731152
1837830
1692808
1925805
1804749
2128428
1935825
2035807
2250305
1729126
2402391
1993906
2157940
2336239
2071251
2032046
2240070
1923425
2115825
2166239
2200983
2091351
2327051
2351753
2210403
2126100
2395974
1965115
2102376
2037344
2388620
2262157
2139054
2176715
2443831
1944360
1703134
2102123
1835302
2009943
1967616
2163668
2154422
2119400
2023228
2315123
2083597
2202583
2000257
1840192
1928576
1932680
2331344
2096084
2444864
2195561
2426745
2257735
2246957
2080318
1936371
2233315
2453283
2112248
2272566
2268926
2540238
2054987
1951102
1531512
2135950
1901611
2115485
1957382
2464843
1822692
2099302
1948617
1813820
1793129
2475269
2002765
2124429
1719136
2061851
2351365
2112732
1698851
2420363
2055584
1990777
2120599
2154631
2125238
1641005
1851987
2413727
2119103
2401422
2584981
2133869
2116768
2313440
2149339
2106907
2252535
2100476
1894000
2256078
1966878
1977885
1488845
2007818
2295914
2215335
2167555
1823553
2222713
2040388
2290075
1841855
2374345
2081743
2259467
2317515
2161577
2071836
2111772
2152603
1891289
2241591
2177390
2072676
2074650
2160430
2180452
2641201
2226835
1992857
2174828
1848562
2198284
2194958
2148478
2040652
2172661
2299117
2466130
1782842
1867720
2034939
2137813
2001002
2123449
1779724
2065167
1932640
2387438
2012735
2259101
2279970
2149738
2054193
2022001
2013786
1921125
1921378
2357213
2623161
2238118
2258584
2016368
2247677
2033940
1953163
2251857
1887143
2213597
2325167
2251056
2035022
1771877
1874700
1797213
1902518
2196177
2174644
1879255
2385478
2261773
2076217
1928336
2251577
2237337
2211589
1944465
2121619
1930941
2132161
2374856
1989913
2414614
1978130
2204978
1947727
2164196
2118868
1968087
2198154
2168873
2375755
2320714
2257242
2200575
2248063
1847208
1859267
2175828
2047829
2141677
2057669
2232301
2512296
1967131
2218094
2168707
2209711
2467895
2053642
2173413
2094363
2235243
2216335
2324553
2256748
2129712
2596092
2024704
1771264
1890674
1842171
2124762
2133126
2210652
1921311
2216611
2038791
2090754
2068401
1826357
2435849
2297753
2186997
2183647
2175192
2052010
2288801
2072909
2065373
2166187
1946203
2402050
2245197
2023682
2096846
1997463
2076036
1754637
1921619
2224184
2457844
2218315
1783322
2206183
2146264
2174334
1948738
2233483
1994503
1945667
2241158
1939732
2031127
1796231
2237863
2113225
1548450
2129296
1973317
1969980
2011974
2200307
2380500
2229903
2355145
2130094
2226604
2269111
2180421
1587651
2167476
2239569
2104414
2378507
2169398
2178207
2293176
2228529
2235510
1966894
2155995
2038061
2256419
2251806
2107388
2340113
1799838
2143580
2295210
2215871
2036035
2082494
2236470
1805564
2151083
2061408
2089557
2096054
1917898
2199586
2323974
1941586
1691641
1975644
2363626
2061332
1947188
2098271
1889652
1822712
2686516
1956796
1771108
2133991
1993831
2178598
2221775
2012700
2201807
2411231
2002667
2116675
1981561
2338818
1800709
2177825
2114365
2460684
1849020
2164785
2481187
2064633
1990873
2073179
2267185
2048696
2219300
2393618
2108333
2140026
2000995
2126441
2276248
2097677
2077633
2195848
2189860
2266598
2092838
2486549
2221159
2003774
1954213
2098792
2082952
2139077
2086950
1904474
2052451
2344418
2222732
2012891
1820765
2020362
2114000
2039605
2375976
2232093
2263040
2126453
2018798
2233897
2091336
2098893
2025530
2590880
2308493
1829283
2363056
1687928
1937387
2201708
2001932
2224927
2045467
2350379
2127526
2212404
2248139
1941893
2304624
1686552
2510941
2402469
2031768
2240818
2105300
2055683
2319060
2347700
2109038
2126077
2512618
2073109
2308335
2130683
2206837
1820374
2018945
1847498
2385723
2359139
2000030
1992703
2045951
2240429
2322304
1885627
2071803
2137417
2522221
2328967
1923413
1933319
1995435
2495218
2632337
1868770
2119648
1984790
2560616
2209533
1853525
1870423
2081885
1950077
2096216
2303964
1876122
2076825
2200155
1983666
2393882
2268878
2199370
2250328
1990526
2201622
2013546
2068171
2104759
1949224
2107012
2141814
2050469
2166462
1824686
2179659
1925002
2468941
2152640
2021739
2070539
2220740
2370658
2040950
1960691
2138058
1977687
1907480
2245754
2104137
2216333
1936490
2231419
2128292
1946174
2373513
2290258
1853724
2049298
2271890
1869449
2049942
2121159
1936376
2143437
2316633
2027056
1738020
2472136
2125877
2090492
1765497
2139978
1991499
2226813
2308704
2169584
1897268
2425085
1674029
2241796
2224333
2159665
2134775
2443243
1806883
2035614
1980009
2254256
2319154
2059026
2036734
2011573
2046603
2356086
1795312
2167158
2158048
1975483
1999525
2356589
2370701
1781913
2082498
2001489
1757751
1822614
1814862
2163449
2008567
2198805
2251909
1998613
2079889
1940956
2151787
2098288
1977520
2106763
1994286
2149994
1989976
2230999
2154493
2165525
1910381
2266643
1934076
2106081
2031274
2094440
2506183
1865187
2239661
1947449
2180551
2174453
1783133
2191000
2164510
1965351
2002873
2306836
2396001
2082512
2222209
1925240
1993397
2064021
2125462
2107890
2315857
2300960
2150179
1917087
1839308
2044505
2141619
2185364
2076010
2504816
2054480
1898104
2284213
1936877
2232323
1788072
2359917
2155926
2366049
1884284
2115521
1896605
1955393
1986703
1947293
2119879
2233910
2167587
2071266
1921817
2009590
2162264
2170417
2009224
2122137
1936668
1976032
2036074
1829805
1901057
2278314
2107056
2334162
2252225
2018182
1893964
1834096
1833404
2116022
2058624
2200382
1965051
2135302
2272020
1742294
2367829
2175597
2133535
2254252
2169862
2199174
1813434
2321858
2490958
1789710
2126348
2043255
1998103
2270088
2101270
2227895
1728843
2400853
2062015
1998675
2305027
2107115
1775529
1773021
1934037
2620151
2015033
1859451
2118470
2059813
2144704
2372104
1942601
1741242
2212778
2320665
2191021
2030647
2120440
2281857
1949844
1958072
1818518
2339776
2373396
2190536
2169529
1780347
2467597
2271615
2052359
2051142
1937230
2163053
2091240
2054829
2002161
1913992
2231331
2502223
2045486
2200739
1895300
2178896
2237365
1971445
2220834
2372971
2343306
2081440
1809480
2116683
2260710
2002409
2027120
1908363
2230471
1906892
2494060
2325425
1919926
2359444
2281690
1840267
2062159
1915321
2102041
1872984
1949914
2120130
2249072
2376162
2147757
1957279
1999430
1831081
1925968
2314164
1955930
2287325
2372999
2001899
2211328
1970975
1841157
2135376
1838743
2283373
1868124
2498497
2149143
2175318
2254831
2131484
2228511
2219729
2044446
2377424
1997397
1977445
2399722
2058609
1944027
2287936
1694081
1913040
2092797
2273195
2229529
1901514
2385299
1923970
2187887
2216486
1949264
1743972
2261722
1828665
1841378
1753793
2132113
2057644
2505290
1960216
2193644
2108627
1890052
2306385
2074770
2014879
1897368
2229347
2172063
2665244
2087942
2015513
2355070
2190563
2159581
1770018
2310116
2137307
1986772
2200410
2547723
2405213
2272822
1956884
1825656
2158712
1925153
1923446
1825031
2124517
2084137
1754311
2348549
1875002
2173451
1860329
2221736
1683186
2161927
1937421
1803004
2298292
2379261
2076528
1637646
1845641
2389560
2319624
2017909
2330307
2210650
2298839
2026965
2170812
2314884
2355978
2050746
2359461
2198237
2259391
1998530
2096069
1946263
1940905
2083977
1962961
1992318
1978584
1949068
2039989
1864993
2210306
2207066
2070205
2309348
1871836
1850770
2202227
2208274
2075565
1725349
2006720
1959846
2238427
2189008
1783944
1808820
2375893
2305344
1925232
2099022
2152789
2308173
2020644
1858494
2240447
2245204
1944523
2381213
2234012
1998177
1961269
2253407
2131491
1991180
2289931
2149099
2134442
2312707
2235141
2464536
2143026
1842093
1959657
1621066
2007511
2221239
2254735
2157522
1942328
2719110
2268620
1835893
1958534
2415229
2220268
2433618
2119696
1994489
2366882
1916057
2327695
2152490
2013621
1958237
1964941
1866921
2283456
1695897
2344445
2214979
1898439
1972922
2223696
2150734
2250425
1705404
1861509
2014237
2474242
2061481
1931762
2257480
2044125
2233375
2457994
1793223
2250305
1931082
2498016
1992219
2136441
2186498
2089082
1972964
2189566
1994230
2096543
1795705
1911648
2174997
2288856
2046946
2263589
2009578
1889377
1876607
2190606
1857696
1917249
2001991
2218374
2318041
2065719
1984710
2331290
1904885
2687041
2165750
1882107
1952406
2018810
2283365
2478760
2330346
2172740
2085845
2362916
2221765
2157175
2292848
1948204
2065380
2213701
2239794
2228209
1991879
2216854
2164233
2212140
2209944
2030473
1925849
2052901
2141767
2169323
2133643
2150155
1926513
2126893
2144249
1865057
2296228
2056323
2163887
2156597
2029185
2024926
1724923
1915979
2172066
2063128
2141192
2466915
2107977
1913154
1991172
2064400
2241830
1705551
2136942
1832374
2347229
2227417
1758730
2194284
1951655
2011321
2007611
1706343
2282469
1700323
2112928
2286092
2105834
1998408
2088381
2294718
2156762
2284778
1677592
2027798
1549540
2255071
2275386
1990028
1928601
1742360
1945829
2147952
2075596
1907431
1780360
2127977
2004239
2189261
1982970
2070097
2273242
2042415
2104666
1959471
2069555
2301623
1790005
2453539
1937008
2229292
1851941
2300333
2287452
1954406
2009253
2082292
1817475
2285830
2483759
2131115
2187863
1937466
1713471
2068608
2044401
2100607
1888504
1796284
2004111
2202662
1971601
2293897
2239593
2112268
2347319
2044513
2008074
1797733
1997439
1852177
2097092
2195847
2420128
2276884
1801774
1824899
2353166
2002769
1897439
1994087
1777613
2073550
1947855
2274098
1906422
2098466
1960636
1801350
2253394
2033732
2127745
1934455
2002058
2297512
1790364
2001697
2095578
2032340
2566560
2068849
1989909
2157917
2021116
2053738
2135215
2173276
2139096
2146361
2049062
2105830
2050179
2224286
1980067
2125076
2049019
2003660
2204632
2178907
2260674
2414903
2126965
2200945
2238082
2054819
2114834
2135106
1934156
1946855
1991639
2226597
1860398
1979814
2080798
2191709
1660147
1873867
1663819
1795643
2281167
2141348
2269348
2064902
2031929
2030861
1926317
1939801
2254657
2031489
2264004
1875006
2241240
2278394
2394392
2101296
2362296
2016252
2284960
2011573
1860303
1894977
2021347
2267080
2231006
1810738
1953730
2060172
2037468
1906873
1879516
1793860
2038369
2180690
2273006
2220835
1997818
2079045
2049165
2411800
1938647
2022703
1996646
2155434
1908697
2241535
2415819
1965587
2300666
2250475
2341627
1964629
2048398
2052431
1964937
2137865
1905382
1939425
2100347
1988058
1853901
2126042
2249877
1852989
2369487
2291744
1967263
2084606
1977312
2251814
1994709
2437910
1966182
1746754
2096801
2548601
1738997
2167901
2205229
2385154
1944477
1991776
2319005
1957487
1928887
1965279
2037320
2216135
1970256
1843523
1883834
2081661
1939671
1987060
2116774
2538201
2109078
2384468
1937802
2101050
2221573
1772514
2301445
2134987
1721577
2168936
1871271
1995049
2413753
2348663
2065350
1729662
2157647
1963666
2372814
2217011
1948640
2219396
2236290
2579161
1775698
2074935
2095085
1674041
1724198
2021271
2478607
2096104
2212160
2432282
2023563
2131911
2062356
2098600
1722247
2266559
1929158
2326464
2151143
2006486
2090218
2128224
2268874
1846062
2017518
1955548
2043906
2300308
2445220
2006209
2179459
2401969
2121170
2242502
2027248
2218368
1913304
1961765
2537674
2165543
1916922
2184158
2575777
1950057
2222117
1998327
1956088
1934268
2037825
2377467
1664823
2097379
2355469
1658135
2157638
2049007
1933657
1798114
1843722
2367006
1876876
2163451
2262246
1929254
2018765
2130221
2357743
1837937
2194771
2218101
1972219
2159128
2349905
1960820
2043156
2267857
1928586
1946951
1734686
2106812
2246226
2064781
2136599
1727256
1864242
2099628
2229633
1998609
1981471
2138235
2117365
2357301
1927911
2095769
2453104
2183737
2071270
2069993
2031028
2205910
2186115
2193398
2139065
2416407
2021449
2254946
1896578
2044870
2006023
2090781
1930428
1912889
2195121
2401261
2187519
2117599
1711127
2176741
1733080
1942604
2069049
2198874
1968316
1936724
2243349
2222388
1895011
2071400
2021465
2016653
2082652
2149888
2126074
2289876
1967772
1963115
2078514
2130113
2227177
2214873
1993282
2144453
1955176
1979447
2096110
2099599
2286695
2283243
2196485
1977714
2172379
1835557
1908410
2159025
1821376
2179371
1900989
2092580
2070996
1976924
2039079
1924441
1943130
2216765
2342438
1911854
2091543
2213633
2008598
2123259
2247386
1908330
2316416
2338975
2069950
2144365
1782624
2270450
2133598
1861895
2196326
2221474
2267720
2056623
2243911
2018613
2032123
1791167
2205784
1983890
2109452
2286329
2310954
2280469
2136526
2035556
2019604
2031838
2004673
2096628
1845121
2021336
2072323
2240527
2523941
1812249
2267875
2135647
1928283
1991114
2060883
1703305
2157947
2169957
2119165
2011562
1763090
1884661
1996204
1918688
1877632
2097716
2240428
2108461
2300911
1776673
2472710
1728391
1935544
2161370
2263750
2288167
1922489
2037515
2013658
2100723
2470621
2503441
2292657
1793981
2296291
1899168
2399733
2062700
2028987
2071619
2208862
2252569
2195551
1976561
1805532
2261456
2174454
2179948
1591565
2045046
2286760
2027092
2317861
2227697
1713139
2185725
2345432
1877566
1939421
2048429
2198506
2037497
2318075
2528987
1871995
2085710
1925657
2313471
2067407
1586559
1920605
2162096
1969419
2030461
2183115
1853238
2471612
2400461
2106445
1995614
1965978
2216578
1856661
1954008
2246768
1839535
1936851
2680845
2224141
2140614
2196209
2045849
1963258
1847731
1938480
2362952
1999627
2268958
2458972
1806015
2125376
2155887
1898248
1898843
2077416
2036110
2047940
1900185
2246855
2207500
1921789
2047834
1622967
1876725
1899283
1913452
2048245
2274174
2206187
2113964
2169978
2025368
1812282
1992308
1983348
1766908
2340468
2294318
2223243
2134727
2161237
2089552
1695774
2421905
1818768
2066667
1886091
1989426
2586666
2299525
2116512
2165355
1997846
2280824
1915884
2030887
2016374
1899824
1812992
2149703
2204535
2417915
1942416
2031082
1879199
2211514
2049860
1979643
2191381
2174770
1966801
2258696
2237891
2078321
1887067
2126468
2010223
2295573
1640348
2196416
2032904
2199531
2111139
2224787
2312016
1914723
2234400
2170927
1935472
1997955
2104062
2164677
1934787
1874983
2583528
2560981
2316435
2093635
1961605
2308408
2125295
2099874
2026338
2194237
2304249
1913808
1852090
2098014
1887627
1985312
2288637
2024126
2091226
2503346
2234668
2353435
2290365
1926298
1769137
2087803
1906540
1798599
1807672
2222748
1894831
2141530
2227684
2408901
2377083
2262879
2030399
2015562
2237484
2182299
1838944
1937969
1890492
1932359
2269279
2097162
2113371
2080707
2138344
2120430
2043543
1964248
2474324
2363289
2294360
2439284
2250763
1812931
2249022
1539118
1929559
1633774
1952361
1934073
1951864
2298664
2177202
2272138
1983228
2136798
2054969
2073343
2007341
2398174
1891334
2022093
2046584
2148184
2094275
2111027
2419580
2164772
2259007
1877924
1923067
1949677
1918445
2404547
2193634
2135345
2044883
2363165
2002035
1798003
2003204
1903616
2051200
1965220
2026916
2073901
2012544
2407885
1851440
1769940
2013855
1737012
2085698
2007426
2181037
2115932
1947128
2031592
2291049
1924169
2056800
2135372
2143374
1820815
1872940
2278396
1991588
2206509
2480252
2347372
2319000
2237731
1794227
1970518
2166187
2183003
2273871
1927212
2080562
2319429
2347462
2140536
2257865
2259328
1850412
1849854
1729338
2344646
1457129
1905816
2324191
2129789
2186600
2096879
1863991
447959
11100
11322
9176
10582
11470
12580
10138
16354
21978
19536
21534
20054
20794
33226
34410
29304
31006
30784
32560
31450
31006
31154
31746
29156
40552
44252
40848
37888
42032
43956
42920
41662
43512
43720
42684
40982
12714
60
60
60
60
60
60
60
60
60
60
60
60
60
60
60
60
60
60
120
60
60
60
60
60
60
60
60
60
60
60
60
60
60
52688
53502
47804
41292
40982
36556
32412
30932
31006
30488
32708
22496
21904
21090
23088
19166
20054
22866
20128
20276
19388
29304
25678
19314
18056
19462
21830
23014
19018
19314
23532
18648
17908
22348
21076
19462
20350
19388
22644
22422
18204
20424
21386
22496
19462
9768
11248
10272
9546
10878
10138
13320
10064
8806
9398
10804
9546
9606
11544
9842
9768
10878
9472
10212
10878
8954
8658
10582
8954
10804
10286
11470
9916
10212
9472
10508
10360
11026
11174
10730
10730
9384
10730
10804
10286
10804
11100
8584
12358
9828
10730
9916
8954
10212
12580
9546
9546
9990
10730
9768
9990
8732
9916
11026
11086
9620
9916
9842
11618
10360
10286
10952
9324
10878
9324
9842
12062
10138
11100
10656
9324
10286
9694
10952
9398
9398
10804
12284
11308
10434
10064
10508
11456
10656
8436
9842
11396
10952
8806
9472
11544
9398
9916
9990
11544
10286
9990
9916
9398
10730
10582
9754
11174
11174
11396
10212
9398
8732
10804
9916
10656
11248
10878
9250
10434
10212
11840
10212
10286
9990
10064
10804
10286
9842
10124
9768
11988
8806
8806
11086
9620
10064
10804
10508
9546
10730
10582
9842
10434
9990
9324
10138
9694
10730
10656
10360
10508
9546
11308
10138
9990
11470
10508
10878
12358
9990
9028
10508
10730
11470
9102
9472
10656
10804
11248
10286
10730
10064
10656
9990
11914
9532
10138
10360
9916
8584
8940
8806
10730
9324
9990
11470
9842
8584
12506
9990
11026
10286
9398
8880
9990
10878
11026
10804
10790
10804
9620
10952
11470
9916
10286
10212
10212
11988
11026
9842
11322
8584
10582
10138
11618
9694
10952
9546
10286
10508
9916
11914
11086
10804
11618
9028
8584
10272
9176
9472
10434
9990
11322
9472
11100
9916
9916
11100
11174
9916
10138
9694
10360
10656
10582
9828
10582
12728
9990
9916
11174
10730
9324
11544
10582
10952
11100
10286
10434
10064
10064
9768
9472
9694
10878
10582
9694
10730
9916
10272
11470
10582
11470
9606
9990
11840
9916
9546
9990
11322
11914
10952
10804
11100
10878
9694
10952
9546
10360
9990
11322
10730
10656
10212
9102
9620
10138
9324
10804
10952
11470
10582
11026
10730
9102
9916
9768
9546
10286
10138
10804
10790
10138
11618
10656
9990
10420
11766
11322
10582
9398
9620
9472
10656
8954
10952
10878
12876
10434
10508
10064
10064
12506
9546
9842
9102
10582
9398
9990
9176
10360
10878
10730
9842
11692
11174
9694
11396
9768
10064
9472
11618
10642
11026
10212
9472
10286
10286
9532
11470
11544
10804
11692
10656
10360
12062
11174
9472
9250
11322
11100
9620
9842
9472
9990
11618
9916
8954
11248
10212
11100
8954
9768
9990
11766
11174
11100
9546
10212
10064
10434
9546
10878
11026
11604
10656
12136
10360
10730
10286
9546
10568
10730
12062
10212
10508
11322
9916
10064
9990
10656
9768
10064
10434
9324
10656
10952
9768
11026
10656
9546
10212
11396
10508
10138
11026
9916
10286
9842
12284
10582
11248
10656
10138
9694
9916
9236
11322
11544
10138
10360
11840
11026
10138
12344
10434
10138
8214
11100
9620
11322
9768
9916
8732
11026
11470
10730
10360
9176
9398
9694
10508
9990
11026
10878
11100
10360
9620
10508
10360
9990
11618
9102
11100
11618
11692
11248
10138
9902
8510
11322
10582
11100
10064
11322
10360
10420
9028
10804
9472
8436
9990
9768
10656
11174
11914
11766
10582
9324
11544
9916
8362
10286
10212
10286
11988
12210
9250
10434
12580
11914
8732
11248
11692
11396
10212
9620
10582
9176
10360
10864
11322
10730
10434
8436
10434
11322
10360
10656
9458
9324
10656
8806
10138
11840
10656
11026
11026
10804
11766
10730
10878
10360
10878
11026
11470
10434
10804
9916
9472
10878
9546
9620
11470
8806
11174
11026
9398
10656
10508
10730
9398
10198
10138
10360
9102
10286
8806
10138
10138
11248
11396
12580
10952
9398
10138
11248
11396
11766
10064
10952
9768
11248
9620
12062
9028
11322
10878
10360
11026
9620
8140
10434
10434
10212
10286
10804
10434
8954
9842
7978
10360
10804
9768
10434
10508
10508
10508
11396
11174
9990
11692
10286
9990
11308
11248
10508
11840
10730
9102
9842
12358
9546
11026
8288
11840
10434
11100
11174
10878
9324
9916
8880
9324
10138
10138
9842
9990
10346
11026
10212
9620
9694
8880
11544
10952
10582
10952
10582
11248
11100
9916
11248
8584
10582
11248
12284
9976
11026
8658
10360
10286
11174
10508
9768
8880
9028
10064
11026
9620
9768
9916
12062
10212
10804
10582
9916
10730
10286
9694
9990
10124
11322
9324
11470
10730
9398
10656
11248
11100
10360
10952
10508
10582
9768
9916
10656
11100
9250
10360
9768
9990
10064
12358
10642
9768
9916
9324
9324
9620
10508
9990
10730
12506
10286
11086
9916
11692
9842
9842
10582
10804
9916
10286
12506
10360
9532
11100
11174
10582
11470
9694
11026
11100
11248
10656
11100
10360
9842
10064
9694
9916
10804
9694
8954
10360
12728
8880
9532
11248
10582
12062
10212
9680
10064
10582
10656
10804
10286
10360
9694
9176
11322
11692
10212
9694
11174
12802
13394
11100
11248
9754
9546
10804
9990
10064
9768
9842
11026
10360
10286
11470
9472
10656
10286
11100
8362
11322
9768
9398
9250
10568
10508
9324
8584
10212
9828
10656
9324
9990
11100
11322
10064
10804
10360
9176
10064
10804
11396
11396
11174
11174
10730
10656
11026
9250
8732
11100
12048
11248
10656
12210
9916
9768
10212
9398
10286
10582
11766
10212
8052
9546
10730
11174
9028
8806
9250
11248
10212
9324
10212
9384
10878
10878
11174
11248
9916
9916
9176
8806
11174
11248
11174
11248
9916
10582
10730
10434
10952
10286
11396
12580
9842
9902
10212
10064
10508
11026
9620
9694
10138
10656
9102
9324
8362
10272
10878
12062
11544
10360
10138
10138
8880
10582
10582
10346
9102
9102
10212
12580
9102
9694
10878
11322
11026
10952
11026
9028
10730
10508
9768
10434
10360
11174
10952
9768
10360
10064
9384
11470
10878
11840
10434
9546
10804
10878
9916
11470
9694
10064
10494
10804
11692
10656
9028
9102
11840
10804
10656
9620
9250
11470
11544
10286
10434
10212
11026
11248
10878
10804
9458
9990
10138
10952
8732
11322
10656
12284
9768
12062
9028
11100
9546
9694
8954
11840
9398
9694
9546
9546
10138
9398
9620
10434
12062
10272
11544
11544
8880
9990
9990
10434
9902
10360
10804
10286
10508
11544
9176
10582
11470
11396
11988
9768
9620
11470
10656
9250
9916
10212
9250
10952
9398
10730
10286
10212
10212
9916
10730
11470
10582
9250
9324
11100
10938
9768
10508
10286
9546
11100
10346
9472
9250
10582
9916
11396
10508
10730
9768
9546
9102
10434
10656
9398
10804
11174
9842
10878
9990
9324
10212
10360
10212
10434
9916
10730
9236
10656
10360
10360
11766
10804
11174
10360
11618
9324
10212
9694
9620
9620
11322
10878
9250
10582
11174
10272
9620
10508
10878
11322
11100
10286
8658
10730
11766
9768
8954
8658
10272
10730
9990
11544
9028
12062
9768
10434
11026
10360
10582
9768
9176
11766
8362
10952
10064
12358
12210
11174
10508
10138
10656
11988
9842
10582
9768
10286
9250
10434
11914
9250
10346
11766
10138
8214
11234
8362
9472
9176
10878
10434
11322
10434
10064
9176
9990
9694
9102
11470
11692
10212
10508
11026
10878
9028
8584
10656
10138
10360
10582
10286
9102
10878
10494
10804
11766
9102
9620
9102
10138
9102
9102
10656
10360
10952
10582
9324
10878
8806
8436
10494
10360
9768
10952
10804
10952
9694
11174
9916
9102
11544
11248
12506
9842
10138
9828
10656
11396
11618
10730
9916
9842
11914
9546
10434
9398
10212
10952
9546
9472
10064
10508
11766
9902
8880
8954
11544
10508
10878
9842
10434
9324
10212
10582
10656
11840
10656
10568
10952
10508
8806
11988
10138
9768
11248
11396
10878
10582
9620
9916
10656
7474
10360
9768
11026
13158
9694
9176
9250
11026
12506
9102
10730
10434
10434
11470
10656
9842
9768
11840
11322
11618
9472
9768
10508
10582
10212
11766
11026
11100
11914
9546
10952
9324
11100
9990
9028
9384
10952
10730
11026
9472
11100
9694
9546
11026
8658
10656
10938
11692
10434
9694
9916
11100
11248
10582
9842
9916
11248
9620
10064
11100
11174
11840
9102
9768
10138
9694
11026
9546
11308
11544
11248
10656
8732
11174
8584
10212
11086
9694
8362
11026
11174
10730
9472
9546
11100
10212
9324
11618
10138
10878
10360
10064
11174
9620
10434
10730
11100
9916
11396
12136
10420
12062
10508
10434
10360
9768
10360
9620
9768
9472
10286
11914
9028
11544
9398
9324
9990
9990
10064
9620
10286
10952
7918
11840
9398
10138
10286
9472
11248
11026
10138
10212
11160
9546
10508
10286
12136
9828
9694
12210
9916
11618
12210
9028
10508
11026
9768
8880
10286
11840
11544
9846
10656
10286
10656
10730
10508
9768
10064
10656
10730
8806
10138
10286
10138
10568
9472
10434
10360
10642
9768
9546
9768
9176
11174
10804
11100
10656
9990
9620
8732
10286
10730
11100
10508
9990
11100
10360
9398
9768
9842
8880
11470
10286
10212
9990
10138
10346
10656
9176
9620
11026
11086
9990
10804
9990
10064
10508
9176
10582
9916
10656
9324
10434
10730
11322
11100
11766
10064
9620
9546
10064
8510
11100
9842
11618
11618
10656
10952
9990
10878
8644
10508
11174
10582
11026
11174
10138
11382
10360
9620
10064
10212
9546
9842
10434
10730
11322
9916
11692
10434
10656
10360
12802
9842
9028
9768
11544
10286
11100
10952
11234
12654
9990
9620
10212
9250
11618
10508
9472
10508
10286
10804
10212
9398
10434
10064
10804
10124
10138
9916
11100
10360
11470
10878
10360
11322
9324
10878
10952
11544
9102
11248
11692
9768
11914
10864
9028
11248
10434
10138
10656
10656
11766
10434
10138
11840
9176
10656
10434
10138
9250
10804
8436
10656
12210
11618
10878
9324
9754
9842
9250
9472
9472
10212
9990
9768
10656
11322
9472
10508
10568
9620
9916
10286
10286
10952
10360
9694
10804
10212
11692
12284
9546
10804
10138
11248
9916
12728
11100
10656
11026
10952
9916
9694
8954
9620
10508
9842
9828
11840
10952
10878
10508
9768
9990
9472
12122
9324
9990
11100
12062
10508
9620
8880
12284
10952
11100
11322
9990
11174
10656
11026
10286
9842
11470
10582
10508
9916
9546
11396
11470
10138
10360
10360
10064
10582
9990
9176
11470
10938
9916
10656
9768
10050
11026
10138
10360
11026
12136
11544
10360
10360
11026
11248
10730
10508
9842
9768
12728
11322
11692
8732
11396
11100
11544
11840
11618
10286
10730
10286
10212
9472
10434
8954
10434
10360
9916
10064
9102
11234
8732
10730
10138
8496
11618
8584
10212
11470
9250
9768
8140
11026
10138
10878
10286
9990
9250
12580
11914
10360
9694
11322
12136
10952
10508
10730
9472
10212
10360
9842
10212
10730
11322
10804
10494
10138
8806
10952
9472
9694
11618
10212
9102
10138
10272
10582
9990
10138
9102
11988
11248
9990
11840
10212
10212
10064
11766
10138
9398
10212
10804
9990
11174
10360
11470
10138
11988
11026
7030
9976
10434
9472
10360
11692
10804
9472
10360
9250
9842
10212
11618
8066
11308
11840
10656
9620
10508
9028
11766
10434
10212
9102
9250
10656
10730
9176
9324
11322
10952
10212
11322
9398
10508
9398
10198
10582
11174
9916
10138
11248
11840
11100
10582
9990
8880
12654
11026
10138
11026
10420
9176
11248
11100
10360
9472
11322
11026
10286
10508
9472
10508
11692
11248
10582
9842
10730
9250
9620
9324
8954
11086
10360
9842
11544
10656
8954
7992
9028
11544
10878
9842
11248
10212
10064
9990
10286
11248
9236
11692
10582
12432
10730
10212
9842
10730
12048
11322
11100
9990
9768
10804
10138
10286
9176
9694
9472
12210
10212
9546
9990
10508
9250
9472
10360
11100
10508
8880
10138
8658
10656
10272
10878
10804
10508
10508
12122
11322
11470
9990
10360
11766
11026
9324
9694
11840
9398
11322
9990
10360
10138
9768
11100
10212
10508
9694
9620
10494
10656
11248
9398
9916
9028
9842
10212
9768
10582
9250
11026
10952
11322
10878
8658
9472
9236
11988
11470
10064
10064
9324
10952
11100
11086
10434
9472
10064
10212
12210
9620
9990
10212
10730
10656
9694
11322
9324
9324
10286
10064
9842
9916
10360
9990
10138
11026
9250
10952
12122
10138
10582
10212
10286
10272
9472
9990
11174
10138
12284
11692
9694
9990
10138
10434
10434
8732
9546
10878
10582
10952
9472
11470
11174
10212
10212
10434
10064
9916
10804
11026
9028
10508
10508
12136
10730
9324
11692
11100
11396
8510
11248
10790
11396
10360
10286
10878
9694
11100
9546
8940
10656
10656
10138
10878
10730
9620
9990
9324
11248
9546
10434
10878
9546
10212
10508
10804
10582
12136
9768
10064
9990
10656
9102
10582
10420
11692
10952
10656
10286
10124
10878
10138
9990
10952
11840
10508
11470
10582
11026
9472
10212
9620
10730
10212
9990
9102
11470
9694
10582
11012
11026
9324
9324
8140
11234
9324
10286
10212
10952
10878
11396
10952
11026
10804
10434
10878
9768
12284
11174
10508
10656
11322
11174
11026
10508
9310
10804
10878
11618
9754
10878
10730
9768
10952
9620
10138
8584
10212
10212
10212
9842
12506
9546
10878
11174
11100
9324
8510
10434
11766
9828
11840
10360
10656
8954
10790
9694
11248
8362
12432
12210
10952
9250
9842
10730
8362
11544
9472
10286
9842
11234
10508
10878
9250
10138
9102
10656
9532
10952
10730
10212
9472
10212
10064
9842
10582
10212
9694
11470
12284
11826
9250
11544
10878
10286
10952
10730
9842
8954
10656
10272
9176
10656
11692
11396
9768
11988
11100
9028
10198
10730
11322
10582
10730
10286
10582
9768
9324
9620
10508
10064
13024
10360
11160
9620
12728
7918
10064
11470
9902
10878
10434
10138
9990
10952
9694
11914
10508
9546
10508
10138
9324
9546
10212
11322
9694
11012
11322
11544
10952
9014
9768
10582
10138
11988
10064
11692
9472
11544
11470
9398
9990
11322
10434
11248
9842
11026
10952
9458
10212
10878
9916
12284
9902
10952
9694
11396
10804
8732
10656
12580
11988
9546
11322
10286
11470
10064
9842
9102
10434
9916
10938
10434
9102
10730
10878
9014
10878
10138
10434
11544
10878
9694
10212
9916
12580
10656
9768
9694
9768
11100
10582
10804
10434
10420
10212
12654
10434
11530
9546
10360
9324
8732
10804
9620
10434
10656
10730
11544
8140
10804
11914
8954
10582
9398
9990
11086
10656
11396
9472
9028
11234
10878
11100
9990
10804
10064
10508
10730
10064
10582
11470
10360
10508
10878
10804
11026
10508
10804
10568
11988
10360
8880
10508
12270
8880
9990
10064
9028
11396
10360
10138
8362
11396
11618
10730
9546
9028
8510
10064
9842
9472
9324
12210
11974
10804
10286
10138
10272
10952
9842
10360
11470
11322
11322
10064
9620
8658
9694
9324
9250
10212
13024
12344
10952
9176
10730
10952
11322
10286
8658
9472
10730
11470
11160
9546
10804
12210
11174
10804
9398
10878
11026
9546
10582
10434
11174
11174
10138
10360
10878
8510
9028
9176
12062
10286
10952
10138
10656
11396
11234
11100
11322
8732
9398
9458
11026
10138
9694
10878
11840
11766
11248
8732
10804
9842
10212
10286
10582
10360
9768
12432
10360
10286
10434
10716
10360
11322
10138
8436
11470
11174
9472
9620
10730
12062
10360
11100
9472
9990
10360
10064
10804
10434
10952
10286
10790
9620
9176
11840
8954
9384
10434
9768
10212
9916
11470
11174
10286
11544
9768
10434
11766
9916
11026
10138
11470
10286
9990
10952
10434
8510
10878
10952
11026
10434
10790
10656
9768
10730
11988
9250
9694
10582
9620
10508
9324
11308
10138
11026
11544
10064
10360
10878
11766
10434
10434
12062
10730
12062
9694
11026
9902
9250
12506
11544
8732
11322
10952
10434
9324
10804
9176
10582
10656
8658
10952
10582
10286
9546
10434
9472
10878
11026
10286
8954
9620
11174
11160
11470
9694
10286
10642
9768
10434
10582
9176
11470
9472
10582
11840
10360
9102
9398
9768
8880
9990
10286
11248
12358
10582
10804
8732
10346
12210
9176
10952
9546
9768
9472
13098
11988
10656
10508
11248
8806
9990
10286
9398
10434
12506
11026
11174
13172
11086
9250
10582
9916
9768
9754
11766
14282
12358
10878
10878
11100
10508
10878
9546
10656
9620
7844
9990
12284
9028
10212
11396
10730
10434
11248
10508
8510
9546
10064
9990
11544
11692
10064
10124
10138
9768
9176
9620
10878
12950
12270
11692
10212
12432
10952
10286
10952
10952
9324
10212
11692
10878
10804
10952
11026
9028
11026
9768
9694
8658
9546
9398
10138
10716
12432
11322
8806
10656
10360
9694
11396
10804
11100
9768
10582
11174
10286
8954
12210
10286
10286
10272
11396
11174
11396
9842
11396
10878
11766
11618
9250
9620
9916
9458
10138
9472
10730
9768
9768
11914
9102
9310
9768
10212
8880
9546
9990
11618
10952
11544
9620
9990
11100
10286
10286
10138
12802
10582
11100
9694
11322
11604
10878
11544
11174
11174
10198
11322
9324
10730
10508
10360
11100
10360
11396
9842
9176
11322
10434
10138
10508
9176
11322
9620
10878
8288
9990
11026
11174
10286
10582
11174
10656
10508
10064
11618
9976
11544
11544
11248
11100
10064
9828
9916
10360
10878
11544
11766
9250
10286
9842
10582
10360
9028
10804
10656
9694
11322
10064
9102
9768
9842
11530
9546
10064
11026
10198
11026
10656
11026
9768
11174
11840
12284
10508
9694
10360
10952
11100
11544
10508
9028
9976
11322
11174
11100
9546
11322
9546
10952
10656
11100
11100
9250
9620
10730
9902
9028
10138
9620
11026
11248
10716
10730
10138
12062
10286
10360
10508
11100
10212
11174
10952
9842
9324
10434
9694
10878
10656
11248
9472
10878
12122
10804
10952
10212
10582
9680
10508
10212
9472
10656
11618
9472
10656
11174
9546
11618
9546
10878
10952
10656
10138
10198
9398
10212
11766
11248
8732
9990
12210
11470
8880
9916
9694
10656
10286
9088
10360
10434
9916
10286
9694
8940
10878
10730
10804
9694
11322
9990
9842
12728
9694
10138
11470
10434
9768
10212
10878
10360
12210
10064
10804
11826
10508
10878
9916
10360
10938
9398
10804
9176
11618
10656
10212
10138
10360
8288
10212
11692
11988
10952
11100
10938
11618
9620
10952
9916
10952
10952
10582
9990
10656
9842
10138
10212
9620
11026
10582
10730
10508
8732
9916
8940
9620
11322
10286
10434
10804
8288
12136
10730
9398
9768
10938
9472
11914
11100
10804
10804
9768
9546
11840
9472
11900
10212
10804
12062
11396
10508
9768
9768
10730
9694
10286
